<?xml version="1.0" encoding="UTF-8"?>
<!-- Generated by org.testng.reporters.JUnitXMLReporter -->
<testsuite ignored="17" hostname="IN-GPG9L6L27P-CTS" failures="0" tests="4" name="Dermatologie Tests" time="32.42" errors="0" timestamp="2025-08-09T23:57:11 IST">
  <testcase classname="automationTesting.AbbviePro.DermatologieTest" name="testNavigation" time="7.501"/>
  <testcase classname="automationTesting.AbbviePro.DermatologieTest" name="testDermatologieButtonNavigation" time="5.816"/>
  <testcase classname="automationTesting.AbbviePro.DermatologieTest" name="testLearnMoreButton" time="6.862"/>
  <testcase classname="automationTesting.AbbviePro.DermatologieTest" name="testStreamNowButton" time="7.471"/>
  <testcase classname="automationTesting.AbbviePro.DermatologieTest" name="testCardLoadMoreButton" time="0.0">
    <ignored/>
  </testcase> <!-- testCardLoadMoreButton -->
  <testcase classname="automationTesting.AbbviePro.DermatologieTest" name="testAbbvieCareLearnMoreButton" time="0.0">
    <ignored/>
  </testcase> <!-- testAbbvieCareLearnMoreButton -->
  <testcase classname="automationTesting.AbbviePro.DermatologieTest" name="testThirdCardReadMoreButton" time="0.0">
    <ignored/>
  </testcase> <!-- testThirdCardReadMoreButton -->
  <testcase classname="automationTesting.AbbviePro.DermatologieTest" name="testEighthCardReadMoreButton" time="0.0">
    <ignored/>
  </testcase> <!-- testEighthCardReadMoreButton -->
  <testcase classname="automationTesting.AbbviePro.DermatologieTest" name="testFirstCardReadMoreButton" time="0.0">
    <ignored/>
  </testcase> <!-- testFirstCardReadMoreButton -->
  <testcase classname="automationTesting.AbbviePro.DermatologieTest" name="testAbbvieCareButton" time="0.0">
    <ignored/>
  </testcase> <!-- testAbbvieCareButton -->
  <testcase classname="automationTesting.AbbviePro.DermatologieTest" name="testContactUsButton" time="0.0">
    <ignored/>
  </testcase> <!-- testContactUsButton -->
  <testcase classname="automationTesting.AbbviePro.DermatologieTest" name="testSeventhCardReadMoreButton" time="0.0">
    <ignored/>
  </testcase> <!-- testSeventhCardReadMoreButton -->
  <testcase classname="automationTesting.AbbviePro.DermatologieTest" name="testScrollToPageTop" time="0.0">
    <ignored/>
  </testcase> <!-- testScrollToPageTop -->
  <testcase classname="automationTesting.AbbviePro.DermatologieTest" name="testPSOUL_ReadMoreButton" time="0.0">
    <ignored/>
  </testcase> <!-- testPSOUL_ReadMoreButton -->
  <testcase classname="automationTesting.AbbviePro.DermatologieTest" name="testFifthCardReadMoreButton" time="0.0">
    <ignored/>
  </testcase> <!-- testFifthCardReadMoreButton -->
  <testcase classname="automationTesting.AbbviePro.DermatologieTest" name="testSecondCardReadMoreButton" time="0.0">
    <ignored/>
  </testcase> <!-- testSecondCardReadMoreButton -->
  <testcase classname="automationTesting.AbbviePro.DermatologieTest" name="testNinethCardReadMoreButton" time="0.0">
    <ignored/>
  </testcase> <!-- testNinethCardReadMoreButton -->
  <testcase classname="automationTesting.AbbviePro.DermatologieTest" name="testSixthCardReadMoreButton" time="0.0">
    <ignored/>
  </testcase> <!-- testSixthCardReadMoreButton -->
  <testcase classname="automationTesting.AbbviePro.DermatologieTest" name="testAtopicDermatitisButton" time="0.0">
    <ignored/>
  </testcase> <!-- testAtopicDermatitisButton -->
  <testcase classname="automationTesting.AbbviePro.DermatologieTest" name="testPageScrolling" time="0.0">
    <ignored/>
  </testcase> <!-- testPageScrolling -->
  <testcase classname="automationTesting.AbbviePro.DermatologieTest" name="testFourthCardReadMoreButton" time="0.0">
    <ignored/>
  </testcase> <!-- testFourthCardReadMoreButton -->
</testsuite> <!-- Dermatologie Tests -->
