<?xml version="1.0" encoding="UTF-8"?>
<!-- Generated by org.testng.reporters.JUnitXMLReporter -->
<testsuite ignored="14" hostname="IN-GPG9L6L27P-CTS" failures="1" tests="7" name="Dermatologie Tests" time="46.378" errors="0" timestamp="2025-08-07T10:13:13 IST">
  <testcase classname="automationTesting.AbbviePro.DermatologieTest" name="testNavigation" time="7.992"/>
  <testcase classname="automationTesting.AbbviePro.DermatologieTest" name="testDermatologieButtonNavigation" time="6.35"/>
  <testcase classname="automationTesting.AbbviePro.DermatologieTest" name="testLearnMoreButton" time="7.801"/>
  <testcase classname="automationTesting.AbbviePro.DermatologieTest" name="testStreamNowButton" time="6.969">
    <failure type="java.lang.AssertionError" message="Failed to navigate to DermaTalks expected [true] but found [false]">
      <![CDATA[java.lang.AssertionError: Failed to navigate to DermaTalks expected [true] but found [false]
at automationTesting.AbbviePro.Dermatologie.clickStreamNowButton(Dermatologie.java:126)
at automationTesting.AbbviePro.DermatologieTest.testStreamNowButton(DermatologieTest.java:56)
at java.base/java.util.ArrayList.forEach(ArrayList.java:1597)
... Removed 28 stack frames]]>
    </failure>
  </testcase> <!-- testStreamNowButton -->
  <testcase classname="automationTesting.AbbviePro.DermatologieTest" name="testCardLoadMoreButton" time="3.129"/>
  <testcase classname="automationTesting.AbbviePro.DermatologieTest" name="testScrollToPageTop" time="0.254"/>
  <testcase classname="automationTesting.AbbviePro.DermatologieTest" name="testPageScrolling" time="9.079"/>
  <testcase classname="automationTesting.AbbviePro.DermatologieTest" name="testAbbvieCareLearnMoreButton" time="0.0">
    <ignored/>
  </testcase> <!-- testAbbvieCareLearnMoreButton -->
  <testcase classname="automationTesting.AbbviePro.DermatologieTest" name="testThirdCardReadMoreButton" time="0.0">
    <ignored/>
  </testcase> <!-- testThirdCardReadMoreButton -->
  <testcase classname="automationTesting.AbbviePro.DermatologieTest" name="testEighthCardReadMoreButton" time="0.0">
    <ignored/>
  </testcase> <!-- testEighthCardReadMoreButton -->
  <testcase classname="automationTesting.AbbviePro.DermatologieTest" name="testFirstCardReadMoreButton" time="0.0">
    <ignored/>
  </testcase> <!-- testFirstCardReadMoreButton -->
  <testcase classname="automationTesting.AbbviePro.DermatologieTest" name="testAbbvieCareButton" time="0.0">
    <ignored/>
  </testcase> <!-- testAbbvieCareButton -->
  <testcase classname="automationTesting.AbbviePro.DermatologieTest" name="testContactUsButton" time="0.0">
    <ignored/>
  </testcase> <!-- testContactUsButton -->
  <testcase classname="automationTesting.AbbviePro.DermatologieTest" name="testSeventhCardReadMoreButton" time="0.0">
    <ignored/>
  </testcase> <!-- testSeventhCardReadMoreButton -->
  <testcase classname="automationTesting.AbbviePro.DermatologieTest" name="testPSOUL_ReadMoreButton" time="0.0">
    <ignored/>
  </testcase> <!-- testPSOUL_ReadMoreButton -->
  <testcase classname="automationTesting.AbbviePro.DermatologieTest" name="testFifthCardReadMoreButton" time="0.0">
    <ignored/>
  </testcase> <!-- testFifthCardReadMoreButton -->
  <testcase classname="automationTesting.AbbviePro.DermatologieTest" name="testSecondCardReadMoreButton" time="0.0">
    <ignored/>
  </testcase> <!-- testSecondCardReadMoreButton -->
  <testcase classname="automationTesting.AbbviePro.DermatologieTest" name="testNinethCardReadMoreButton" time="0.0">
    <ignored/>
  </testcase> <!-- testNinethCardReadMoreButton -->
  <testcase classname="automationTesting.AbbviePro.DermatologieTest" name="testSixthCardReadMoreButton" time="0.0">
    <ignored/>
  </testcase> <!-- testSixthCardReadMoreButton -->
  <testcase classname="automationTesting.AbbviePro.DermatologieTest" name="testAtopicDermatitisButton" time="0.0">
    <ignored/>
  </testcase> <!-- testAtopicDermatitisButton -->
  <testcase classname="automationTesting.AbbviePro.DermatologieTest" name="testFourthCardReadMoreButton" time="0.0">
    <ignored/>
  </testcase> <!-- testFourthCardReadMoreButton -->
</testsuite> <!-- Dermatologie Tests -->
