<?xml version="1.0" encoding="UTF-8"?>
<!-- Generated by org.testng.reporters.JUnitXMLReporter -->
<testsuite ignored="0" hostname="IN-GPG9L6L27P-CTS" failures="0" tests="25" name="Gastroenterologie Test" time="119.177" errors="0" timestamp="2025-08-07T16:11:35 IST">
  <testcase classname="automationTesting.AbbviePro.GastroenterologieTest" name="testNavigation" time="6.19"/>
  <testcase classname="automationTesting.AbbviePro.GastroenterologieTest" name="testGastroenterologieButton" time="3.025"/>
  <testcase classname="automationTesting.AbbviePro.GastroenterologieTest" name="testCardLoadMoreButton" time="3.497"/>
  <testcase classname="automationTesting.AbbviePro.GastroenterologieTest" name="testFirstCardReadMoreButton" time="3.349"/>
  <testcase classname="automationTesting.AbbviePro.GastroenterologieTest" name="testSecondCardReadMoreButton" time="3.361"/>
  <testcase classname="automationTesting.AbbviePro.GastroenterologieTest" name="testThirdCardReadMoreButton" time="4.566"/>
  <testcase classname="automationTesting.AbbviePro.GastroenterologieTest" name="testFourthCardReadMoreButton" time="2.661"/>
  <testcase classname="automationTesting.AbbviePro.GastroenterologieTest" name="testFifthCardReadMoreButton" time="2.081"/>
  <testcase classname="automationTesting.AbbviePro.GastroenterologieTest" name="testSixthCardReadMoreButton" time="2.18"/>
  <testcase classname="automationTesting.AbbviePro.GastroenterologieTest" name="testSeventhCardReadMoreButton" time="3.279"/>
  <testcase classname="automationTesting.AbbviePro.GastroenterologieTest" name="testEighthCardReadMoreButton" time="3.837"/>
  <testcase classname="automationTesting.AbbviePro.GastroenterologieTest" name="testNinethCardReadMoreButton" time="3.57"/>
  <testcase classname="automationTesting.AbbviePro.GastroenterologieTest" name="testTenthCardReadMoreButton" time="2.984"/>
  <testcase classname="automationTesting.AbbviePro.GastroenterologieTest" name="testEleventhCardReadMoreButton" time="2.161"/>
  <testcase classname="automationTesting.AbbviePro.GastroenterologieTest" name="testTwelvethCardReadMoreButton" time="3.036"/>
  <testcase classname="automationTesting.AbbviePro.GastroenterologieTest" name="testThirteenthCardReadMoreButton" time="3.005"/>
  <testcase classname="automationTesting.AbbviePro.GastroenterologieTest" name="testFourteenthCardReadMoreButton" time="3.205"/>
  <testcase classname="automationTesting.AbbviePro.GastroenterologieTest" name="testCongressHighlightButton" time="3.359"/>
  <testcase classname="automationTesting.AbbviePro.GastroenterologieTest" name="testTakeALookNowButton" time="2.323"/>
  <testcase classname="automationTesting.AbbviePro.GastroenterologieTest" name="testExclusivelyLearnMoreButton" time="2.532"/>
  <testcase classname="automationTesting.AbbviePro.GastroenterologieTest" name="testContactUsButton" time="3.319"/>
  <testcase classname="automationTesting.AbbviePro.GastroenterologieTest" name="testAbbvieCareButton" time="3.919"/>
  <testcase classname="automationTesting.AbbviePro.GastroenterologieTest" name="testLivingWith_IBD_LearnMoreButton" time="4.497"/>
  <testcase classname="automationTesting.AbbviePro.GastroenterologieTest" name="testScrollToPageTop" time="0.347"/>
  <testcase classname="automationTesting.AbbviePro.GastroenterologieTest" name="testPageScrolling" time="38.063"/>
</testsuite> <!-- Gastroenterologie Test -->
