<?xml version="1.0" encoding="UTF-8"?>
<!-- Generated by org.testng.reporters.JUnitXMLReporter -->
<testsuite ignored="20" hostname="IN-GPG9L6L27P-CTS" failures="0" tests="8" name="Header Tests" time="45.9" errors="0" timestamp="2025-07-31T01:34:40 IST">
  <testcase classname="automationTesting.AbbviePro.HeaderTest" name="testNavigation" time="7.819"/>
  <testcase classname="automationTesting.AbbviePro.HeaderTest" name="testHomePageButton" time="1.584"/>
  <testcase classname="automationTesting.AbbviePro.HeaderTest" name="testTherapiegebieteButton" time="3.073"/>
  <testcase classname="automationTesting.AbbviePro.HeaderTest" name="testtherapiegebieteChevronIcon" time="0.327"/>
  <testcase classname="automationTesting.AbbviePro.HeaderTest" name="testImmunologieButton" time="14.427"/>
  <testcase classname="automationTesting.AbbviePro.HeaderTest" name="testDermatologieButton" time="5.805"/>
  <testcase classname="automationTesting.AbbviePro.HeaderTest" name="testGastroenterologieButton" time="3.061"/>
  <testcase classname="automationTesting.AbbviePro.HeaderTest" name="testRheumatologieButton" time="5.035"/>
  <testcase classname="automationTesting.AbbviePro.HeaderTest" name="testSpasticityAfterStrokeButton" time="0.0">
    <ignored/>
  </testcase> <!-- testSpasticityAfterStrokeButton -->
  <testcase classname="automationTesting.AbbviePro.HeaderTest" name="testProductChevronIcon" time="0.0">
    <ignored/>
  </testcase> <!-- testProductChevronIcon -->
  <testcase classname="automationTesting.AbbviePro.HeaderTest" name="testProductOverviewButton" time="0.0">
    <ignored/>
  </testcase> <!-- testProductOverviewButton -->
  <testcase classname="automationTesting.AbbviePro.HeaderTest" name="testVirologyButton" time="0.0">
    <ignored/>
  </testcase> <!-- testVirologyButton -->
  <testcase classname="automationTesting.AbbviePro.HeaderTest" name="testTrainingMaterialButton" time="0.0">
    <ignored/>
  </testcase> <!-- testTrainingMaterialButton -->
  <testcase classname="automationTesting.AbbviePro.HeaderTest" name="testProductPageButton" time="0.0">
    <ignored/>
  </testcase> <!-- testProductPageButton -->
  <testcase classname="automationTesting.AbbviePro.HeaderTest" name="testSolidTumorsButton" time="0.0">
    <ignored/>
  </testcase> <!-- testSolidTumorsButton -->
  <testcase classname="automationTesting.AbbviePro.HeaderTest" name="testMigraineButton" time="0.0">
    <ignored/>
  </testcase> <!-- testMigraineButton -->
  <testcase classname="automationTesting.AbbviePro.HeaderTest" name="testHepatitisCHCVButton" time="0.0">
    <ignored/>
  </testcase> <!-- testHepatitisCHCVButton -->
  <testcase classname="automationTesting.AbbviePro.HeaderTest" name="testNeurologyButton" time="0.0">
    <ignored/>
  </testcase> <!-- testNeurologyButton -->
  <testcase classname="automationTesting.AbbviePro.HeaderTest" name="testNeurogenicDetrusorOveractivityButton" time="0.0">
    <ignored/>
  </testcase> <!-- testNeurogenicDetrusorOveractivityButton -->
  <testcase classname="automationTesting.AbbviePro.HeaderTest" name="testIdiopathicOveractiveBladderButton" time="0.0">
    <ignored/>
  </testcase> <!-- testIdiopathicOveractiveBladderButton -->
  <testcase classname="automationTesting.AbbviePro.HeaderTest" name="testParkinsonsDiseaseButton" time="0.0">
    <ignored/>
  </testcase> <!-- testParkinsonsDiseaseButton -->
  <testcase classname="automationTesting.AbbviePro.HeaderTest" name="testUrologyButton" time="0.0">
    <ignored/>
  </testcase> <!-- testUrologyButton -->
  <testcase classname="automationTesting.AbbviePro.HeaderTest" name="testHematooncologyButton" time="0.0">
    <ignored/>
  </testcase> <!-- testHematooncologyButton -->
  <testcase classname="automationTesting.AbbviePro.HeaderTest" name="testRegisterNowButton" time="0.0">
    <ignored/>
  </testcase> <!-- testRegisterNowButton -->
  <testcase classname="automationTesting.AbbviePro.HeaderTest" name="testProductAndUserInformationButton" time="0.0">
    <ignored/>
  </testcase> <!-- testProductAndUserInformationButton -->
  <testcase classname="automationTesting.AbbviePro.HeaderTest" name="testOphthalmologyParentButton" time="0.0">
    <ignored/>
  </testcase> <!-- testOphthalmologyParentButton -->
  <testcase classname="automationTesting.AbbviePro.HeaderTest" name="testOphthalmologyChildButton" time="0.0">
    <ignored/>
  </testcase> <!-- testOphthalmologyChildButton -->
  <testcase classname="automationTesting.AbbviePro.HeaderTest" name="testOnkologieButton" time="0.0">
    <ignored/>
  </testcase> <!-- testOnkologieButton -->
</testsuite> <!-- Header Tests -->
