<?xml version="1.0" encoding="UTF-8"?>
<!-- Generated by org.testng.reporters.JUnitXMLReporter -->
<testsuite ignored="0" hostname="IN-GPG9L6L27P-CTS" failures="0" tests="7" name="Opthalmology Test" time="37.566" errors="0" timestamp="2025-08-11T23:45:14 IST">
  <testcase classname="automationTesting.AbbviePro.OpthalmologyTest" name="testNavigation" time="7.435"/>
  <testcase classname="automationTesting.AbbviePro.OpthalmologyTest" name="testOphthalmologyButton" time="3.256"/>
  <testcase classname="automationTesting.AbbviePro.OpthalmologyTest" name="testAbbvieCareButton" time="6.595"/>
  <testcase classname="automationTesting.AbbviePro.OpthalmologyTest" name="testLearnMoreButton" time="2.901"/>
  <testcase classname="automationTesting.AbbviePro.OpthalmologyTest" name="testToTheDownloadAreaButtonForPatient" time="6.655"/>
  <testcase classname="automationTesting.AbbviePro.OpthalmologyTest" name="testToTheDownloadAreaButtonForPractitioners" time="3.937"/>
  <testcase classname="automationTesting.AbbviePro.OpthalmologyTest" name="testContactUsButton" time="2.263"/>
</testsuite> <!-- Opthalmology Test -->
