<?xml version="1.0" encoding="UTF-8"?>
<!-- Generated by org.testng.reporters.JUnitXMLReporter -->
<testsuite ignored="18" hostname="IN-GPG9L6L27P-CTS" failures="0" tests="7" name="Rheumatologie Tests" time="33.87" errors="0" timestamp="2025-08-09T00:00:03 IST">
  <testcase classname="automationTesting.AbbviePro.RheumatologieTest" name="testNavigation" time="9.093"/>
  <testcase classname="automationTesting.AbbviePro.RheumatologieTest" name="testRheumatologieButton" time="5.04"/>
  <testcase classname="automationTesting.AbbviePro.RheumatologieTest" name="testConferencAndEventsLearnMoreButton" time="2.589"/>
  <testcase classname="automationTesting.AbbviePro.RheumatologieTest" name="testCareTopicsLearnMoreButton" time="1.339"/>
  <testcase classname="automationTesting.AbbviePro.RheumatologieTest" name="testExchangePlatformLearnMoreButton" time="1.849"/>
  <testcase classname="automationTesting.AbbviePro.RheumatologieTest" name="testCardLoadMoreButton" time="0.352"/>
  <testcase classname="automationTesting.AbbviePro.RheumatologieTest" name="testFirstCardReadMoreButton" time="8.838"/>
  <testcase classname="automationTesting.AbbviePro.RheumatologieTest" name="testEleventhCardReadMoreButton" time="0.0">
    <ignored/>
  </testcase> <!-- testEleventhCardReadMoreButton -->
  <testcase classname="automationTesting.AbbviePro.RheumatologieTest" name="testFifthCardReadMoreButton" time="0.0">
    <ignored/>
  </testcase> <!-- testFifthCardReadMoreButton -->
  <testcase classname="automationTesting.AbbviePro.RheumatologieTest" name="testSeventhCardReadMoreButton" time="0.0">
    <ignored/>
  </testcase> <!-- testSeventhCardReadMoreButton -->
  <testcase classname="automationTesting.AbbviePro.RheumatologieTest" name="testSixthCardReadMoreButton" time="0.0">
    <ignored/>
  </testcase> <!-- testSixthCardReadMoreButton -->
  <testcase classname="automationTesting.AbbviePro.RheumatologieTest" name="testContactUsButton" time="0.0">
    <ignored/>
  </testcase> <!-- testContactUsButton -->
  <testcase classname="automationTesting.AbbviePro.RheumatologieTest" name="testAbbvieCareButton" time="0.0">
    <ignored/>
  </testcase> <!-- testAbbvieCareButton -->
  <testcase classname="automationTesting.AbbviePro.RheumatologieTest" name="testThirteenthCardReadMoreButton" time="0.0">
    <ignored/>
  </testcase> <!-- testThirteenthCardReadMoreButton -->
  <testcase classname="automationTesting.AbbviePro.RheumatologieTest" name="testFourthCardReadMoreButton" time="0.0">
    <ignored/>
  </testcase> <!-- testFourthCardReadMoreButton -->
  <testcase classname="automationTesting.AbbviePro.RheumatologieTest" name="testCommitmentLearnMoreButton" time="0.0">
    <ignored/>
  </testcase> <!-- testCommitmentLearnMoreButton -->
  <testcase classname="automationTesting.AbbviePro.RheumatologieTest" name="testEighthCardReadMoreButton" time="0.0">
    <ignored/>
  </testcase> <!-- testEighthCardReadMoreButton -->
  <testcase classname="automationTesting.AbbviePro.RheumatologieTest" name="testSixteenthCardReadMoreButton" time="0.0">
    <ignored/>
  </testcase> <!-- testSixteenthCardReadMoreButton -->
  <testcase classname="automationTesting.AbbviePro.RheumatologieTest" name="testFifteenthCardReadMoreButton" time="0.0">
    <ignored/>
  </testcase> <!-- testFifteenthCardReadMoreButton -->
  <testcase classname="automationTesting.AbbviePro.RheumatologieTest" name="testPodcastButton" time="0.0">
    <ignored/>
  </testcase> <!-- testPodcastButton -->
  <testcase classname="automationTesting.AbbviePro.RheumatologieTest" name="testTenthCardReadMoreButton" time="0.0">
    <ignored/>
  </testcase> <!-- testTenthCardReadMoreButton -->
  <testcase classname="automationTesting.AbbviePro.RheumatologieTest" name="testTwelfthCardReadMoreButton" time="0.0">
    <ignored/>
  </testcase> <!-- testTwelfthCardReadMoreButton -->
  <testcase classname="automationTesting.AbbviePro.RheumatologieTest" name="testFourteenthCardReadMoreButton" time="0.0">
    <ignored/>
  </testcase> <!-- testFourteenthCardReadMoreButton -->
  <testcase classname="automationTesting.AbbviePro.RheumatologieTest" name="testThirdCardReadMoreButton" time="0.0">
    <ignored/>
  </testcase> <!-- testThirdCardReadMoreButton -->
  <testcase classname="automationTesting.AbbviePro.RheumatologieTest" name="testNinthCardReadMoreButton" time="0.0">
    <ignored/>
  </testcase> <!-- testNinthCardReadMoreButton -->
</testsuite> <!-- Rheumatologie Tests -->
