<?xml version="1.0" encoding="UTF-8"?>
<!-- Generated by org.testng.reporters.JUnitXMLReporter -->
<testsuite ignored="0" hostname="IN-GPG9L6L27P-CTS" failures="3" tests="75" name="Surefire test" time="440.035" errors="0" timestamp="2025-08-06T22:51:00 IST">
  <testcase classname="automationTesting.AbbviePro.RegistrationTest" name="testNavigation" time="7.987"/>
  <testcase classname="automationTesting.AbbviePro.RegistrationTest" name="testHomePageNavigation" time="6.569"/>
  <testcase classname="automationTesting.AbbviePro.RegistrationTest" name="testProductsLearnMore" time="2.467"/>
  <testcase classname="automationTesting.AbbviePro.RegistrationTest" name="testTheoropaticButton" time="4.27"/>
  <testcase classname="automationTesting.AbbviePro.RegistrationTest" name="testContactButton" time="3.475"/>
  <testcase classname="automationTesting.AbbviePro.RegistrationTest" name="testSecondRegisterButton" time="3.887"/>
  <testcase classname="automationTesting.AbbviePro.RegistrationTest" name="testSignUpButton" time="3.648"/>
  <testcase classname="automationTesting.AbbviePro.FooterTest" name="testNavigation" time="6.879"/>
  <testcase classname="automationTesting.AbbviePro.FooterTest" name="testFooterLogo" time="2.429"/>
  <testcase classname="automationTesting.AbbviePro.FooterTest" name="testDermatologieButton" time="5.288"/>
  <testcase classname="automationTesting.AbbviePro.FooterTest" name="testGastroenterologieButton" time="3.004"/>
  <testcase classname="automationTesting.AbbviePro.FooterTest" name="testRheumatologieButton" time="4.71"/>
  <testcase classname="automationTesting.AbbviePro.FooterTest" name="testOnkologieButton" time="6.407"/>
  <testcase classname="automationTesting.AbbviePro.FooterTest" name="testNeurologieButton" time="5.306"/>
  <testcase classname="automationTesting.AbbviePro.FooterTest" name="testHCVButton" time="2.809"/>
  <testcase classname="automationTesting.AbbviePro.FooterTest" name="testOphthalmologieButton" time="3.311"/>
  <testcase classname="automationTesting.AbbviePro.FooterTest" name="testUrologieButton" time="2.675"/>
  <testcase classname="automationTesting.AbbviePro.FooterTest" name="testImprintButton" time="5.465"/>
  <testcase classname="automationTesting.AbbviePro.FooterTest" name="testPrivacyPolicyButton" time="5.745"/>
  <testcase classname="automationTesting.AbbviePro.FooterTest" name="testTermsOfUseButton" time="2.653"/>
  <testcase classname="automationTesting.AbbviePro.FooterTest" name="testContactInformationButton" time="8.653"/>
  <testcase classname="automationTesting.AbbviePro.FooterTest" name="testSitemapButton" time="3.912"/>
  <testcase classname="automationTesting.AbbviePro.DermatologieTest" name="testCardLoadMoreButton" time="10.144"/>
  <testcase classname="automationTesting.AbbviePro.DermatologieTest" name="testDermatologieButtonNavigation" time="10.164"/>
  <testcase classname="automationTesting.AbbviePro.DermatologieTest" name="testEighthCardReadMoreButton" time="10.087"/>
  <testcase classname="automationTesting.AbbviePro.DermatologieTest" name="testFifthCardReadMoreButton" time="10.142"/>
  <testcase classname="automationTesting.AbbviePro.DermatologieTest" name="testFirstCardReadMoreButton" time="10.132"/>
  <testcase classname="automationTesting.AbbviePro.DermatologieTest" name="testFourthCardReadMoreButton" time="10.167"/>
  <testcase classname="automationTesting.AbbviePro.DermatologieTest" name="testLearnMoreButton" time="10.169"/>
  <testcase classname="automationTesting.AbbviePro.DermatologieTest" name="testNavigation" time="8.373"/>
  <testcase classname="automationTesting.AbbviePro.DermatologieTest" name="testNinethCardReadMoreButton" time="10.297"/>
  <testcase classname="automationTesting.AbbviePro.DermatologieTest" name="testPageScrolling" time="8.619"/>
  <testcase classname="automationTesting.AbbviePro.DermatologieTest" name="testScrollToPageTop" time="0.249"/>
  <testcase classname="automationTesting.AbbviePro.DermatologieTest" name="testSecondCardReadMoreButton" time="10.357"/>
  <testcase classname="automationTesting.AbbviePro.DermatologieTest" name="testSeventhCardReadMoreButton" time="10.261"/>
  <testcase classname="automationTesting.AbbviePro.DermatologieTest" name="testSixthCardReadMoreButton" time="10.291"/>
  <testcase classname="automationTesting.AbbviePro.DermatologieTest" name="testStreamNowButton" time="3.446"/>
  <testcase classname="automationTesting.AbbviePro.DermatologieTest" name="testThirdCardReadMoreButton" time="10.279"/>
  <testcase classname="automationTesting.AbbviePro.HeaderTest" name="testNavigation" time="7.762"/>
  <testcase classname="automationTesting.AbbviePro.HeaderTest" name="testHeaderLogo" time="2.384"/>
  <testcase classname="automationTesting.AbbviePro.HeaderTest" name="testRegister_WithEmail" time="8.449"/>
  <testcase classname="automationTesting.AbbviePro.HeaderTest" name="testRegister_FillDetails" time="5.12"/>
  <testcase classname="automationTesting.AbbviePro.HeaderTest" name="testHomePageButton" time="1.756"/>
  <testcase classname="automationTesting.AbbviePro.HeaderTest" name="testProductPageButton" time="2.698"/>
  <testcase classname="automationTesting.AbbviePro.HeaderTest" name="testProductChevronIcon" time="0.428"/>
  <testcase classname="automationTesting.AbbviePro.HeaderTest" name="testProductOverviewButton" time="3.886"/>
  <testcase classname="automationTesting.AbbviePro.HeaderTest" name="testProductAndUserInformationButton" time="3.612"/>
  <testcase classname="automationTesting.AbbviePro.HeaderTest" name="testTrainingMaterialButton" time="3.938"/>
  <testcase classname="automationTesting.AbbviePro.HeaderTest" name="testTherapiegebieteButton" time="3.469"/>
  <testcase classname="automationTesting.AbbviePro.HeaderTest" name="testtherapiegebieteChevronIcon" time="0.283"/>
  <testcase classname="automationTesting.AbbviePro.HeaderTest" name="testImmunologieButton" time="14.434">
    <failure type="java.lang.RuntimeException" message="Test Immunologie Button failed due to navigation issue.">
      <![CDATA[java.lang.RuntimeException: Test Immunologie Button failed due to navigation issue.
at automationTesting.AbbviePro.HeaderTest.testImmunologieButton(HeaderTest.java:259)
at java.base/java.util.ArrayList.forEach(ArrayList.java:1511)
Caused by: org.openqa.selenium.ElementNotInteractableException: element not interactable
  (Session info: chrome=138.0.7204.184)
Build info: version: '4.15.0', revision: '1d14b5521b'
System info: os.name: 'Mac OS X', os.arch: 'aarch64', os.version: '15.5', java.version: '17.0.16'
Driver info: org.openqa.selenium.chrome.ChromeDriver
Command: [59303137dcbb81fb27d53ca14c29934e, clickElement {id=f.4A5CA197727CDEDA5EDAA8787168AEF9.d.D3935E89736D28CC17A432ADE1BCDC35.e.315}]
Capabilities {acceptInsecureCerts: false, browserName: chrome, browserVersion: 138.0.7204.184, chrome: {chromedriverVersion: 138.0.7204.183 (e90faf484dd..., userDataDir: /var/folders/yq/_yp1rq0n6mj...}, fedcm:accounts: true, goog:chromeOptions: {debuggerAddress: localhost:62021}, networkConnectionEnabled: false, pageLoadStrategy: normal, platformName: mac, proxy: Proxy(), se:cdp: ws://localhost:62021/devtoo..., se:cdpVersion: 138.0.7204.184, setWindowRect: true, strictFileInteractability: false, timeouts: {implicit: 0, pageLoad: 300000, script: 30000}, unhandledPromptBehavior: dismiss and notify, webauthn:extension:credBlob: true, webauthn:extension:largeBlob: true, webauthn:extension:minPinLength: true, webauthn:extension:prf: true, webauthn:virtualAuthenticators: true}
Element: [[ChromeDriver: chrome on mac (59303137dcbb81fb27d53ca14c29934e)] -> xpath: (//div[@class='main-navigation__inner']//a)[39]]
Session ID: 59303137dcbb81fb27d53ca14c29934e
at org.openqa.selenium.remote.codec.w3c.W3CHttpResponseCodec.createException(W3CHttpResponseCodec.java:200)
at org.openqa.selenium.remote.codec.w3c.W3CHttpResponseCodec.decode(W3CHttpResponseCodec.java:133)
at org.openqa.selenium.remote.codec.w3c.W3CHttpResponseCodec.decode(W3CHttpResponseCodec.java:52)
at org.openqa.selenium.remote.HttpCommandExecutor.execute(HttpCommandExecutor.java:191)
at org.openqa.selenium.remote.service.DriverCommandExecutor.invokeExecute(DriverCommandExecutor.java:200)
at org.openqa.selenium.remote.service.DriverCommandExecutor.execute(DriverCommandExecutor.java:175)
at org.openqa.selenium.remote.RemoteWebDriver.execute(RemoteWebDriver.java:607)
at org.openqa.selenium.remote.RemoteWebElement.execute(RemoteWebElement.java:224)
at org.openqa.selenium.remote.RemoteWebElement.click(RemoteWebElement.java:77)
at org.openqa.selenium.support.pagefactory.internal.LocatingElementHandler.invoke(LocatingElementHandler.java:51)
at jdk.proxy2/jdk.proxy2.$Proxy11.click(Unknown Source)
at automationTesting.AbbviePro.Header.clickOnImmunologieButton(Header.java:227)
at automationTesting.AbbviePro.HeaderTest.testImmunologieButton(HeaderTest.java:246)
... 33 more
... Removed 40 stack frames]]>
    </failure>
  </testcase> <!-- testImmunologieButton -->
  <testcase classname="automationTesting.AbbviePro.HeaderTest" name="testDermatologieButton" time="5.651"/>
  <testcase classname="automationTesting.AbbviePro.HeaderTest" name="testGastroenterologieButton" time="2.807"/>
  <testcase classname="automationTesting.AbbviePro.HeaderTest" name="testRheumatologieButton" time="4.85"/>
  <testcase classname="automationTesting.AbbviePro.HeaderTest" name="testOnkologieButton" time="6.627"/>
  <testcase classname="automationTesting.AbbviePro.HeaderTest" name="testHematooncologyButton" time="5.94"/>
  <testcase classname="automationTesting.AbbviePro.HeaderTest" name="testSolidTumorsButton" time="5.644"/>
  <testcase classname="automationTesting.AbbviePro.HeaderTest" name="testNeurologyButton" time="5.016"/>
  <testcase classname="automationTesting.AbbviePro.HeaderTest" name="testMigraineButton" time="3.17"/>
  <testcase classname="automationTesting.AbbviePro.HeaderTest" name="testParkinsonsDiseaseButton" time="5.412"/>
  <testcase classname="automationTesting.AbbviePro.HeaderTest" name="testSpasticityAfterStrokeButton" time="3.646"/>
  <testcase classname="automationTesting.AbbviePro.HeaderTest" name="testVirologyButton" time="4.131">
    <failure type="java.lang.AssertionError" message="Failed to navigate to Virologie page expected [true] but found [false]">
      <![CDATA[java.lang.AssertionError: Failed to navigate to Virologie page expected [true] but found [false]
at automationTesting.AbbviePro.Header.clickOnVirologyButton(Header.java:340)
at automationTesting.AbbviePro.HeaderTest.testVirologyButton(HeaderTest.java:480)
at java.base/java.util.ArrayList.forEach(ArrayList.java:1511)
... Removed 35 stack frames]]>
    </failure>
  </testcase> <!-- testVirologyButton -->
  <testcase classname="automationTesting.AbbviePro.HeaderTest" name="testHepatitisCHCVButton" time="10.355"/>
  <testcase classname="automationTesting.AbbviePro.HeaderTest" name="testOphthalmologyParentButton" time="4.215">
    <failure type="java.lang.AssertionError" message="Failed to navigate to Augenheilkunde page expected [true] but found [false]">
      <![CDATA[java.lang.AssertionError: Failed to navigate to Augenheilkunde page expected [true] but found [false]
at automationTesting.AbbviePro.Header.clickOnOphthalmologyParentButton(Header.java:359)
at automationTesting.AbbviePro.HeaderTest.testOphthalmologyParentButton(HeaderTest.java:524)
at java.base/java.util.ArrayList.forEach(ArrayList.java:1511)
... Removed 35 stack frames]]>
    </failure>
  </testcase> <!-- testOphthalmologyParentButton -->
  <testcase classname="automationTesting.AbbviePro.HeaderTest" name="testOphthalmologyChildButton" time="10.427"/>
  <testcase classname="automationTesting.AbbviePro.HeaderTest" name="testUrologyButton" time="1.914"/>
  <testcase classname="automationTesting.AbbviePro.HeaderTest" name="testIdiopathicOveractiveBladderButton" time="2.038"/>
  <testcase classname="automationTesting.AbbviePro.HeaderTest" name="testNeurogenicDetrusorOveractivityButton" time="3.488"/>
  <testcase classname="automationTesting.AbbviePro.HeaderTest" name="testRegisterNowButton" time="10.401"/>
  <testcase classname="automationTesting.AbbviePro.HeaderTest" name="testEventsAndTrainingButton" time="3.932"/>
  <testcase classname="automationTesting.AbbviePro.HeaderTest" name="testEventsAndTrainingChevronIcon" time="0.292"/>
  <testcase classname="automationTesting.AbbviePro.HeaderTest" name="testMedicalScientificEventsButton" time="10.358"/>
  <testcase classname="automationTesting.AbbviePro.HeaderTest" name="testProductRelatedEventsButton" time="4.555"/>
  <testcase classname="automationTesting.AbbviePro.HeaderTest" name="testEventsAndTrainingRegisterNowButton" time="1.774"/>
  <testcase classname="automationTesting.AbbviePro.HeaderTest" name="testServiceAndContactButton" time="2.506"/>
</testsuite> <!-- Surefire test -->
