<?xml version="1.0" encoding="UTF-8"?>
<!-- Generated by org.testng.reporters.JUnitXMLReporter -->
<testsuite ignored="8" hostname="IN-GPG9L6L27P-CTS" failures="0" tests="1" name="Default test" time="15.126" errors="0" timestamp="2025-08-07T23:14:17 IST">
  <testcase classname="automationTesting.AbbviePro.HomePageTest" name="testBackToTopButton" time="10.057"/>
  <testcase classname="automationTesting.AbbviePro.HomePageTest" name="testLearnMoreButton" time="0.0">
    <ignored/>
  </testcase> <!-- testLearnMoreButton -->
  <testcase classname="automationTesting.AbbviePro.HomePageTest" name="testContactButton" time="0.0">
    <ignored/>
  </testcase> <!-- testContactButton -->
  <testcase classname="automationTesting.AbbviePro.HomePageTest" name="testNavigation" time="0.0">
    <ignored/>
  </testcase> <!-- testNavigation -->
  <testcase classname="automationTesting.AbbviePro.HomePageTest" name="testProductsLearnMore" time="0.0">
    <ignored/>
  </testcase> <!-- testProductsLearnMore -->
  <testcase classname="automationTesting.AbbviePro.HomePageTest" name="testSecondContactUsButton" time="0.0">
    <ignored/>
  </testcase> <!-- testSecondContactUsButton -->
  <testcase classname="automationTesting.AbbviePro.HomePageTest" name="testRegisterButton" time="0.0">
    <ignored/>
  </testcase> <!-- testRegisterButton -->
  <testcase classname="automationTesting.AbbviePro.HomePageTest" name="testTheoropaticButton" time="0.0">
    <ignored/>
  </testcase> <!-- testTheoropaticButton -->
  <testcase classname="automationTesting.AbbviePro.HomePageTest" name="testSecondRegisterButton" time="0.0">
    <ignored/>
  </testcase> <!-- testSecondRegisterButton -->
</testsuite> <!-- Default test -->
