<?xml version="1.0" encoding="UTF-8"?>
<!-- Generated by org.testng.reporters.JUnitXMLReporter -->
<testsuite ignored="0" hostname="IN-GPG9L6L27P-CTS" failures="0" tests="7" name="Default test" time="40.252" errors="0" timestamp="2025-07-25T10:14:01 IST">
  <testcase classname="automationTesting.AbbviePro.RegistrationTest" name="testNavigation" time="11.01"/>
  <testcase classname="automationTesting.AbbviePro.RegistrationTest" name="testHomePageNavigation" time="5.273"/>
  <testcase classname="automationTesting.AbbviePro.RegistrationTest" name="testProductsLearnMore" time="4.176"/>
  <testcase classname="automationTesting.AbbviePro.RegistrationTest" name="testTheoropaticButton" time="4.131"/>
  <testcase classname="automationTesting.AbbviePro.RegistrationTest" name="testContactButton" time="2.856"/>
  <testcase classname="automationTesting.AbbviePro.RegistrationTest" name="testSecondRegisterButton" time="3.277"/>
  <testcase classname="automationTesting.AbbviePro.RegistrationTest" name="testSignUpButton" time="4.531"/>
</testsuite> <!-- Default test -->
