<?xml version="1.0" encoding="UTF-8"?>
<!-- Generated by org.testng.reporters.JUnitXMLReporter -->
<testsuite ignored="0" hostname="IN-GPG9L6L27P-CTS" failures="0" tests="21" name="Dermatologie Page" time="448.477" errors="0" timestamp="2025-08-11T16:31:01 IST">
  <testcase classname="automationTesting.AbbviePro.DermatologieTest" name="testNavigation" time="6.19"/>
  <testcase classname="automationTesting.AbbviePro.DermatologieTest" name="testDermatologieButtonNavigation" time="3.983"/>
  <testcase classname="automationTesting.AbbviePro.DermatologieTest" name="testLearnMoreButton" time="300.545"/>
  <testcase classname="automationTesting.AbbviePro.DermatologieTest" name="testStreamNowButton" time="5.559"/>
  <testcase classname="automationTesting.AbbviePro.DermatologieTest" name="testCardLoadMoreButton" time="2.739"/>
  <testcase classname="automationTesting.AbbviePro.DermatologieTest" name="testFirstCardReadMoreButton" time="3.349"/>
  <testcase classname="automationTesting.AbbviePro.DermatologieTest" name="testSecondCardReadMoreButton" time="3.322"/>
  <testcase classname="automationTesting.AbbviePro.DermatologieTest" name="testThirdCardReadMoreButton" time="3.085"/>
  <testcase classname="automationTesting.AbbviePro.DermatologieTest" name="testFourthCardReadMoreButton" time="14.341"/>
  <testcase classname="automationTesting.AbbviePro.DermatologieTest" name="testFifthCardReadMoreButton" time="2.861"/>
  <testcase classname="automationTesting.AbbviePro.DermatologieTest" name="testSixthCardReadMoreButton" time="3.665"/>
  <testcase classname="automationTesting.AbbviePro.DermatologieTest" name="testSeventhCardReadMoreButton" time="5.009"/>
  <testcase classname="automationTesting.AbbviePro.DermatologieTest" name="testEighthCardReadMoreButton" time="2.895"/>
  <testcase classname="automationTesting.AbbviePro.DermatologieTest" name="testNinethCardReadMoreButton" time="3.713"/>
  <testcase classname="automationTesting.AbbviePro.DermatologieTest" name="testContactUsButton" time="3.336"/>
  <testcase classname="automationTesting.AbbviePro.DermatologieTest" name="testAbbvieCareButton" time="45.077"/>
  <testcase classname="automationTesting.AbbviePro.DermatologieTest" name="testAbbvieCareLearnMoreButton" time="2.25"/>
  <testcase classname="automationTesting.AbbviePro.DermatologieTest" name="testAtopicDermatitisButton" time="4.376"/>
  <testcase classname="automationTesting.AbbviePro.DermatologieTest" name="testPSOUL_ReadMoreButton" time="7.991"/>
  <testcase classname="automationTesting.AbbviePro.DermatologieTest" name="testScrollToPageTop" time="0.27"/>
  <testcase classname="automationTesting.AbbviePro.DermatologieTest" name="testPageScrolling" time="19.483"/>
</testsuite> <!-- Dermatologie Page -->
