<?xml version="1.0" encoding="UTF-8"?>
<!-- Generated by org.testng.reporters.JUnitXMLReporter -->
<testsuite ignored="0" hostname="IN-GPG9L6L27P-CTS" failures="0" tests="19" name="Footer Tests" time="121.935" errors="0" timestamp="2025-08-09T22:33:44 IST">
  <testcase classname="automationTesting.AbbviePro.FooterTest" name="testNavigation" time="8.107"/>
  <testcase classname="automationTesting.AbbviePro.FooterTest" name="testFooterLogo" time="2.825"/>
  <testcase classname="automationTesting.AbbviePro.FooterTest" name="testDermatologieButton" time="6.726"/>
  <testcase classname="automationTesting.AbbviePro.FooterTest" name="testGastroenterologieButton" time="3.268"/>
  <testcase classname="automationTesting.AbbviePro.FooterTest" name="testRheumatologieButton" time="5.062"/>
  <testcase classname="automationTesting.AbbviePro.FooterTest" name="testOnkologieButton" time="6.671"/>
  <testcase classname="automationTesting.AbbviePro.FooterTest" name="testNeurologieButton" time="5.89"/>
  <testcase classname="automationTesting.AbbviePro.FooterTest" name="testHCVButton" time="2.97"/>
  <testcase classname="automationTesting.AbbviePro.FooterTest" name="testOphthalmologieButton" time="3.173"/>
  <testcase classname="automationTesting.AbbviePro.FooterTest" name="testUrologieButton" time="3.702"/>
  <testcase classname="automationTesting.AbbviePro.FooterTest" name="testImprintButton" time="5.405"/>
  <testcase classname="automationTesting.AbbviePro.FooterTest" name="testPrivacyPolicyButton" time="7.115"/>
  <testcase classname="automationTesting.AbbviePro.FooterTest" name="testTermsOfUseButton" time="3.085"/>
  <testcase classname="automationTesting.AbbviePro.FooterTest" name="testContactInformationButton" time="16.401"/>
  <testcase classname="automationTesting.AbbviePro.FooterTest" name="testSitemapButton" time="3.342"/>
  <testcase classname="automationTesting.AbbviePro.FooterTest" name="testFacebookIcon" time="12.134"/>
  <testcase classname="automationTesting.AbbviePro.FooterTest" name="testInstagramIcon" time="7.704"/>
  <testcase classname="automationTesting.AbbviePro.FooterTest" name="testLinkdinIcon" time="3.391"/>
  <testcase classname="automationTesting.AbbviePro.FooterTest" name="testYoutubeIcon" time="10.384"/>
</testsuite> <!-- Footer Tests -->
