<?xml version="1.0" encoding="UTF-8"?>
<!-- Generated by org.testng.reporters.JUnitXMLReporter -->
<testsuite ignored="0" hostname="IN-GPG9L6L27P-CTS" failures="0" tests="19" name="Footer Tests" time="83.558" errors="0" timestamp="2025-08-11T16:22:45 IST">
  <testcase classname="automationTesting.AbbviePro.FooterTest" name="testNavigation" time="6.444"/>
  <testcase classname="automationTesting.AbbviePro.FooterTest" name="testFooterLogo" time="3.203"/>
  <testcase classname="automationTesting.AbbviePro.FooterTest" name="testDermatologieButton" time="2.413"/>
  <testcase classname="automationTesting.AbbviePro.FooterTest" name="testGastroenterologieButton" time="3.63"/>
  <testcase classname="automationTesting.AbbviePro.FooterTest" name="testRheumatologieButton" time="3.739"/>
  <testcase classname="automationTesting.AbbviePro.FooterTest" name="testOnkologieButton" time="3.612"/>
  <testcase classname="automationTesting.AbbviePro.FooterTest" name="testNeurologieButton" time="3.669"/>
  <testcase classname="automationTesting.AbbviePro.FooterTest" name="testHCVButton" time="3.759"/>
  <testcase classname="automationTesting.AbbviePro.FooterTest" name="testOphthalmologieButton" time="2.811"/>
  <testcase classname="automationTesting.AbbviePro.FooterTest" name="testUrologieButton" time="2.76"/>
  <testcase classname="automationTesting.AbbviePro.FooterTest" name="testImprintButton" time="3.372"/>
  <testcase classname="automationTesting.AbbviePro.FooterTest" name="testPrivacyPolicyButton" time="2.712"/>
  <testcase classname="automationTesting.AbbviePro.FooterTest" name="testTermsOfUseButton" time="2.719"/>
  <testcase classname="automationTesting.AbbviePro.FooterTest" name="testContactInformationButton" time="7.282"/>
  <testcase classname="automationTesting.AbbviePro.FooterTest" name="testSitemapButton" time="2.539"/>
  <testcase classname="automationTesting.AbbviePro.FooterTest" name="testFacebookIcon" time="3.679"/>
  <testcase classname="automationTesting.AbbviePro.FooterTest" name="testInstagramIcon" time="14.119"/>
  <testcase classname="automationTesting.AbbviePro.FooterTest" name="testLinkdinIcon" time="3.08"/>
  <testcase classname="automationTesting.AbbviePro.FooterTest" name="testYoutubeIcon" time="3.386"/>
</testsuite> <!-- Footer Tests -->
