<?xml version="1.0" encoding="UTF-8"?>
<!-- Generated by org.testng.reporters.JUnitXMLReporter -->
<testsuite ignored="0" hostname="IN-GPG9L6L27P-CTS" failures="0" tests="25" name="Gastroenterologie Page" time="128.061" errors="0" timestamp="2025-08-08T00:48:15 IST">
  <testcase classname="automationTesting.AbbviePro.GastroenterologieTest" name="testNavigation" time="8.577"/>
  <testcase classname="automationTesting.AbbviePro.GastroenterologieTest" name="testGastroenterologieButton" time="2.739"/>
  <testcase classname="automationTesting.AbbviePro.GastroenterologieTest" name="testCardLoadMoreButton" time="3.902"/>
  <testcase classname="automationTesting.AbbviePro.GastroenterologieTest" name="testFirstCardReadMoreButton" time="5.968"/>
  <testcase classname="automationTesting.AbbviePro.GastroenterologieTest" name="testSecondCardReadMoreButton" time="3.625"/>
  <testcase classname="automationTesting.AbbviePro.GastroenterologieTest" name="testThirdCardReadMoreButton" time="3.007"/>
  <testcase classname="automationTesting.AbbviePro.GastroenterologieTest" name="testFourthCardReadMoreButton" time="2.811"/>
  <testcase classname="automationTesting.AbbviePro.GastroenterologieTest" name="testFifthCardReadMoreButton" time="1.914"/>
  <testcase classname="automationTesting.AbbviePro.GastroenterologieTest" name="testSixthCardReadMoreButton" time="3.239"/>
  <testcase classname="automationTesting.AbbviePro.GastroenterologieTest" name="testSeventhCardReadMoreButton" time="3.566"/>
  <testcase classname="automationTesting.AbbviePro.GastroenterologieTest" name="testEighthCardReadMoreButton" time="4.008"/>
  <testcase classname="automationTesting.AbbviePro.GastroenterologieTest" name="testNinethCardReadMoreButton" time="1.785"/>
  <testcase classname="automationTesting.AbbviePro.GastroenterologieTest" name="testTenthCardReadMoreButton" time="3.064"/>
  <testcase classname="automationTesting.AbbviePro.GastroenterologieTest" name="testEleventhCardReadMoreButton" time="3.743"/>
  <testcase classname="automationTesting.AbbviePro.GastroenterologieTest" name="testTwelvethCardReadMoreButton" time="3.76"/>
  <testcase classname="automationTesting.AbbviePro.GastroenterologieTest" name="testThirteenthCardReadMoreButton" time="3.363"/>
  <testcase classname="automationTesting.AbbviePro.GastroenterologieTest" name="testFourteenthCardReadMoreButton" time="2.732"/>
  <testcase classname="automationTesting.AbbviePro.GastroenterologieTest" name="testCongressHighlightButton" time="2.499"/>
  <testcase classname="automationTesting.AbbviePro.GastroenterologieTest" name="testTakeALookNowButton" time="1.956"/>
  <testcase classname="automationTesting.AbbviePro.GastroenterologieTest" name="testExclusivelyLearnMoreButton" time="1.888"/>
  <testcase classname="automationTesting.AbbviePro.GastroenterologieTest" name="testContactUsButton" time="3.252"/>
  <testcase classname="automationTesting.AbbviePro.GastroenterologieTest" name="testAbbvieCareButton" time="5.953"/>
  <testcase classname="automationTesting.AbbviePro.GastroenterologieTest" name="testLivingWith_IBD_LearnMoreButton" time="7.427"/>
  <testcase classname="automationTesting.AbbviePro.GastroenterologieTest" name="testScrollToPageTop" time="0.205"/>
  <testcase classname="automationTesting.AbbviePro.GastroenterologieTest" name="testPageScrolling" time="38.573"/>
</testsuite> <!-- Gastroenterologie Page -->
