<?xml version="1.0" encoding="UTF-8"?>
<!-- Generated by org.testng.reporters.JUnitXMLReporter -->
<testsuite ignored="0" hostname="IN-GPG9L6L27P-CTS" failures="0" tests="25" name="Gastroenterologie Page" time="132.176" errors="0" timestamp="2025-08-11T16:33:14 IST">
  <testcase classname="automationTesting.AbbviePro.GastroenterologieTest" name="testNavigation" time="8.099"/>
  <testcase classname="automationTesting.AbbviePro.GastroenterologieTest" name="testGastroenterologieButton" time="3.138"/>
  <testcase classname="automationTesting.AbbviePro.GastroenterologieTest" name="testCardLoadMoreButton" time="3.184"/>
  <testcase classname="automationTesting.AbbviePro.GastroenterologieTest" name="testFirstCardReadMoreButton" time="3.891"/>
  <testcase classname="automationTesting.AbbviePro.GastroenterologieTest" name="testSecondCardReadMoreButton" time="3.69"/>
  <testcase classname="automationTesting.AbbviePro.GastroenterologieTest" name="testThirdCardReadMoreButton" time="3.746"/>
  <testcase classname="automationTesting.AbbviePro.GastroenterologieTest" name="testFourthCardReadMoreButton" time="3.588"/>
  <testcase classname="automationTesting.AbbviePro.GastroenterologieTest" name="testFifthCardReadMoreButton" time="2.431"/>
  <testcase classname="automationTesting.AbbviePro.GastroenterologieTest" name="testSixthCardReadMoreButton" time="3.727"/>
  <testcase classname="automationTesting.AbbviePro.GastroenterologieTest" name="testSeventhCardReadMoreButton" time="3.656"/>
  <testcase classname="automationTesting.AbbviePro.GastroenterologieTest" name="testEighthCardReadMoreButton" time="3.479"/>
  <testcase classname="automationTesting.AbbviePro.GastroenterologieTest" name="testNinethCardReadMoreButton" time="3.624"/>
  <testcase classname="automationTesting.AbbviePro.GastroenterologieTest" name="testTenthCardReadMoreButton" time="4.228"/>
  <testcase classname="automationTesting.AbbviePro.GastroenterologieTest" name="testEleventhCardReadMoreButton" time="2.707"/>
  <testcase classname="automationTesting.AbbviePro.GastroenterologieTest" name="testTwelvethCardReadMoreButton" time="3.944"/>
  <testcase classname="automationTesting.AbbviePro.GastroenterologieTest" name="testThirteenthCardReadMoreButton" time="3.803"/>
  <testcase classname="automationTesting.AbbviePro.GastroenterologieTest" name="testFourteenthCardReadMoreButton" time="4.658"/>
  <testcase classname="automationTesting.AbbviePro.GastroenterologieTest" name="testCongressHighlightButton" time="2.401"/>
  <testcase classname="automationTesting.AbbviePro.GastroenterologieTest" name="testTakeALookNowButton" time="2.443"/>
  <testcase classname="automationTesting.AbbviePro.GastroenterologieTest" name="testExclusivelyLearnMoreButton" time="2.53"/>
  <testcase classname="automationTesting.AbbviePro.GastroenterologieTest" name="testContactUsButton" time="4.023"/>
  <testcase classname="automationTesting.AbbviePro.GastroenterologieTest" name="testAbbvieCareButton" time="5.964"/>
  <testcase classname="automationTesting.AbbviePro.GastroenterologieTest" name="testLivingWith_IBD_LearnMoreButton" time="5.514"/>
  <testcase classname="automationTesting.AbbviePro.GastroenterologieTest" name="testScrollToPageTop" time="0.211"/>
  <testcase classname="automationTesting.AbbviePro.GastroenterologieTest" name="testPageScrolling" time="39.087"/>
</testsuite> <!-- Gastroenterologie Page -->
