<?xml version="1.0" encoding="UTF-8"?>
<!-- Generated by org.testng.reporters.JUnitXMLReporter -->
<testsuite ignored="0" hostname="IN-GPG9L6L27P-CTS" failures="0" tests="7" name="Home Page Tests" time="40.296" errors="0" timestamp="2025-08-03T14:00:30 IST">
  <testcase classname="automationTesting.AbbviePro.RegistrationTest" name="testNavigation" time="12.995"/>
  <testcase classname="automationTesting.AbbviePro.RegistrationTest" name="testHomePageNavigation" time="5.601"/>
  <testcase classname="automationTesting.AbbviePro.RegistrationTest" name="testProductsLearnMore" time="2.909"/>
  <testcase classname="automationTesting.AbbviePro.RegistrationTest" name="testTheoropaticButton" time="3.397"/>
  <testcase classname="automationTesting.AbbviePro.RegistrationTest" name="testContactButton" time="3.077"/>
  <testcase classname="automationTesting.AbbviePro.RegistrationTest" name="testSecondRegisterButton" time="3.971"/>
  <testcase classname="automationTesting.AbbviePro.RegistrationTest" name="testSignUpButton" time="4.195"/>
</testsuite> <!-- Home Page Tests -->
