<?xml version="1.0" encoding="UTF-8"?>
<!-- Generated by org.testng.reporters.JUnitXMLReporter -->
<testsuite ignored="0" hostname="IN-GPG9L6L27P-CTS" failures="0" tests="9" name="Home Page Tests" time="45.356" errors="0" timestamp="2025-08-08T00:44:12 IST">
  <testcase classname="automationTesting.AbbviePro.HomePageTest" name="testNavigation" time="8.685"/>
  <testcase classname="automationTesting.AbbviePro.HomePageTest" name="testRegisterButton" time="5.538"/>
  <testcase classname="automationTesting.AbbviePro.HomePageTest" name="testLearnMoreButton" time="3.68"/>
  <testcase classname="automationTesting.AbbviePro.HomePageTest" name="testProductsLearnMore" time="2.604"/>
  <testcase classname="automationTesting.AbbviePro.HomePageTest" name="testTheoropaticButton" time="3.345"/>
  <testcase classname="automationTesting.AbbviePro.HomePageTest" name="testContactButton" time="2.81"/>
  <testcase classname="automationTesting.AbbviePro.HomePageTest" name="testSecondRegisterButton" time="3.054"/>
  <testcase classname="automationTesting.AbbviePro.HomePageTest" name="testSecondContactUsButton" time="1.538"/>
  <testcase classname="automationTesting.AbbviePro.HomePageTest" name="testBackToTopButton" time="10.029"/>
</testsuite> <!-- Home Page Tests -->
