<?xml version="1.0" encoding="UTF-8"?>
<!-- Generated by org.testng.reporters.JUnitXMLReporter -->
<testsuite ignored="0" hostname="IN-GPG9L6L27P-CTS" failures="0" tests="19" name="Neurology Tests" time="143.741" errors="0" timestamp="2025-08-12T00:04:38 IST">
  <testcase classname="automationTesting.AbbviePro.NeurologyTest" name="testNavigation" time="9.29"/>
  <testcase classname="automationTesting.AbbviePro.NeurologyTest" name="testNeurologyButton" time="6.349"/>
  <testcase classname="automationTesting.AbbviePro.NeurologyTest" name="testCarouselChevronIcon" time="7.695"/>
  <testcase classname="automationTesting.AbbviePro.NeurologyTest" name="testCardLoadMoreButton" time="1.88"/>
  <testcase classname="automationTesting.AbbviePro.NeurologyTest" name="testEAN_CongressReadMoreButton" time="4.321"/>
  <testcase classname="automationTesting.AbbviePro.NeurologyTest" name="testS2K_GuidelineReadMoreButton" time="4.301"/>
  <testcase classname="automationTesting.AbbviePro.NeurologyTest" name="testEventsInNeurologyReadMoreButton" time="2.183"/>
  <testcase classname="automationTesting.AbbviePro.NeurologyTest" name="testParkinsonDiseaseReadMoreButton" time="1.661"/>
  <testcase classname="automationTesting.AbbviePro.NeurologyTest" name="testManage_PD_AccessToolButton" time="19.837"/>
  <testcase classname="automationTesting.AbbviePro.NeurologyTest" name="testInformationRequestForFreeButton" time="7.989"/>
  <testcase classname="automationTesting.AbbviePro.NeurologyTest" name="testAbbvieCareButton" time="7.849"/>
  <testcase classname="automationTesting.AbbviePro.NeurologyTest" name="testPARKOUR_ToTheCurrentIssueButton" time="7.619"/>
  <testcase classname="automationTesting.AbbviePro.NeurologyTest" name="testParkinsonLearnMoreButton" time="3.835"/>
  <testcase classname="automationTesting.AbbviePro.NeurologyTest" name="testAbbvieNetworking_PHP_Button" time="4.005"/>
  <testcase classname="automationTesting.AbbviePro.NeurologyTest" name="testParkinsonNetworkYoutubeVideoButton" time="9.943"/>
  <testcase classname="automationTesting.AbbviePro.NeurologyTest" name="testParkinsonNetworkGermany_PND_Button" time="6.472"/>
  <testcase classname="automationTesting.AbbviePro.NeurologyTest" name="testContactUsButton" time="2.86"/>
  <testcase classname="automationTesting.AbbviePro.NeurologyTest" name="testScrollToPageTop" time="0.14"/>
  <testcase classname="automationTesting.AbbviePro.NeurologyTest" name="testPageScrolling" time="31.04"/>
</testsuite> <!-- Neurology Tests -->
