<?xml version="1.0" encoding="UTF-8"?>
<!-- Generated by org.testng.reporters.JUnitXMLReporter -->
<testsuite ignored="0" hostname="IN-GPG9L6L27P-CTS" failures="0" tests="19" name="Neurology Tests" time="131.308" errors="0" timestamp="2025-08-10T19:09:43 IST">
  <testcase classname="automationTesting.AbbviePro.NeurologyTest" name="testNavigation" time="6.817"/>
  <testcase classname="automationTesting.AbbviePro.NeurologyTest" name="testNeurologyButton" time="5.275"/>
  <testcase classname="automationTesting.AbbviePro.NeurologyTest" name="testCarouselChevronIcon" time="7.746"/>
  <testcase classname="automationTesting.AbbviePro.NeurologyTest" name="testCardLoadMoreButton" time="1.825"/>
  <testcase classname="automationTesting.AbbviePro.NeurologyTest" name="testEAN_CongressReadMoreButton" time="4.002"/>
  <testcase classname="automationTesting.AbbviePro.NeurologyTest" name="testS2K_GuidelineReadMoreButton" time="3.541"/>
  <testcase classname="automationTesting.AbbviePro.NeurologyTest" name="testEventsInNeurologyReadMoreButton" time="1.579"/>
  <testcase classname="automationTesting.AbbviePro.NeurologyTest" name="testParkinsonDiseaseReadMoreButton" time="1.48"/>
  <testcase classname="automationTesting.AbbviePro.NeurologyTest" name="testManage_PD_AccessToolButton" time="19.428"/>
  <testcase classname="automationTesting.AbbviePro.NeurologyTest" name="testInformationRequestForFreeButton" time="4.675"/>
  <testcase classname="automationTesting.AbbviePro.NeurologyTest" name="testAbbvieCareButton" time="5.702"/>
  <testcase classname="automationTesting.AbbviePro.NeurologyTest" name="testPARKOUR_ToTheCurrentIssueButton" time="8.744"/>
  <testcase classname="automationTesting.AbbviePro.NeurologyTest" name="testParkinsonLearnMoreButton" time="3.415"/>
  <testcase classname="automationTesting.AbbviePro.NeurologyTest" name="testAbbvieNetworking_PHP_Button" time="3.365"/>
  <testcase classname="automationTesting.AbbviePro.NeurologyTest" name="testParkinsonNetworkYoutubeVideoButton" time="8.511"/>
  <testcase classname="automationTesting.AbbviePro.NeurologyTest" name="testParkinsonNetworkGermany_PND_Button" time="6.38"/>
  <testcase classname="automationTesting.AbbviePro.NeurologyTest" name="testContactUsButton" time="2.226"/>
  <testcase classname="automationTesting.AbbviePro.NeurologyTest" name="testScrollToPageTop" time="0.159"/>
  <testcase classname="automationTesting.AbbviePro.NeurologyTest" name="testPageScrolling" time="31.805"/>
</testsuite> <!-- Neurology Tests -->
