<?xml version="1.0" encoding="UTF-8"?>
<!-- Generated by org.testng.reporters.JUnitXMLReporter -->
<testsuite ignored="0" hostname="IN-GPG9L6L27P-CTS" failures="0" tests="8" name="Oncology Tests" time="38.468" errors="0" timestamp="2025-08-10T12:21:56 IST">
  <testcase classname="automationTesting.AbbviePro.OncologyTest" name="testNavigation" time="7.581"/>
  <testcase classname="automationTesting.AbbviePro.OncologyTest" name="testOncologyButton" time="5.355"/>
  <testcase classname="automationTesting.AbbviePro.OncologyTest" name="testRegisterButton" time="3.795"/>
  <testcase classname="automationTesting.AbbviePro.OncologyTest" name="testHematoOncologyLearnMoreButton" time="4.37"/>
  <testcase classname="automationTesting.AbbviePro.OncologyTest" name="testSolidTumorLearnMoreButton" time="3.307"/>
  <testcase classname="automationTesting.AbbviePro.OncologyTest" name="testContactUsButton" time="3.04"/>
  <testcase classname="automationTesting.AbbviePro.OncologyTest" name="testScrollToPageTop" time="0.144"/>
  <testcase classname="automationTesting.AbbviePro.OncologyTest" name="testPageScrolling" time="6.439"/>
</testsuite> <!-- Oncology Tests -->
