<?xml version="1.0" encoding="UTF-8"?>
<!-- Generated by org.testng.reporters.JUnitXMLReporter -->
<testsuite ignored="0" hostname="IN-GPG9L6L27P-CTS" failures="0" tests="7" name="Urology Tests" time="34.15" errors="0" timestamp="2025-08-10T12:22:30 IST">
  <testcase classname="automationTesting.AbbviePro.UrologyTest" name="testNavigation" time="11.615"/>
  <testcase classname="automationTesting.AbbviePro.UrologyTest" name="testUrologyButton" time="2.285"/>
  <testcase classname="automationTesting.AbbviePro.UrologyTest" name="testIdiopathicOveractiveBladderButton" time="3.247"/>
  <testcase classname="automationTesting.AbbviePro.UrologyTest" name="testNeurogenicDetrusorOveractivityButton" time="1.915"/>
  <testcase classname="automationTesting.AbbviePro.UrologyTest" name="testUrologyContactUsButton" time="2.682"/>
  <testcase classname="automationTesting.AbbviePro.UrologyTest" name="testScrollToPageTop" time="0.283"/>
  <testcase classname="automationTesting.AbbviePro.UrologyTest" name="testPageScrolling" time="7.666"/>
</testsuite> <!-- Urology Tests -->
