<?xml version="1.0" encoding="UTF-8"?>
<testsuite xmlns:xsi="http://www.w3.org/2001/XMLSchema-instance" xsi:noNamespaceSchemaLocation="https://maven.apache.org/surefire/maven-surefire-plugin/xsd/surefire-test-report.xsd" version="3.0.1" name="TestSuite" time="440.251" tests="75" errors="0" skipped="0" failures="3">
  <properties>
[...]
</properties>
  <testcase name="testNavigation" classname="automationTesting.AbbviePro.RegistrationTest" time="7.987">
    <system-out><![CDATA[Report created: reports/Report_06_August_10.43_PM.html
Report display name: Report 06 August 10.43 PM
]]></system-out>
    <system-err><![CDATA[SLF4J(W): No SLF4J providers were found.
SLF4J(W): Defaulting to no-operation (NOP) logger implementation
SLF4J(W): See https://www.slf4j.org/codes.html#noProviders for further details.
Aug 06, 2025 10:43:42 PM org.openqa.selenium.devtools.CdpVersionFinder findNearestMatch
WARNING: Unable to find CDP implementation matching 138
Aug 06, 2025 10:43:42 PM org.openqa.selenium.chromium.ChromiumDriver lambda$new$5
WARNING: Unable to find version of CDP to use for 138.0.7204.184. You may need to include a dependency on a specific version of the CDP using something similar to `org.seleniumhq.selenium:selenium-devtools-v86:4.15.0` where the version ("v86") matches the version of the chromium-based browser you're using and the version number of the artifact is the same as Selenium's.
]]></system-err>
  </testcase>
  <testcase name="testHomePageNavigation" classname="automationTesting.AbbviePro.RegistrationTest" time="6.57"/>
  <testcase name="testProductsLearnMore" classname="automationTesting.AbbviePro.RegistrationTest" time="2.466"/>
  <testcase name="testTheoropaticButton" classname="automationTesting.AbbviePro.RegistrationTest" time="4.27"/>
  <testcase name="testContactButton" classname="automationTesting.AbbviePro.RegistrationTest" time="3.476"/>
  <testcase name="testSecondRegisterButton" classname="automationTesting.AbbviePro.RegistrationTest" time="3.887"/>
  <testcase name="testSignUpButton" classname="automationTesting.AbbviePro.RegistrationTest" time="3.649"/>
  <testcase name="testNavigation" classname="automationTesting.AbbviePro.FooterTest" time="6.88">
    <system-out><![CDATA[Report created: reports/Report_06_August_10.44_PM.html
Report display name: Report 06 August 10.44 PM
]]></system-out>
    <system-err><![CDATA[Aug 06, 2025 10:44:19 PM org.openqa.selenium.devtools.CdpVersionFinder findNearestMatch
WARNING: Unable to find CDP implementation matching 138
Aug 06, 2025 10:44:19 PM org.openqa.selenium.chromium.ChromiumDriver lambda$new$5
WARNING: Unable to find version of CDP to use for 138.0.7204.184. You may need to include a dependency on a specific version of the CDP using something similar to `org.seleniumhq.selenium:selenium-devtools-v86:4.15.0` where the version ("v86") matches the version of the chromium-based browser you're using and the version number of the artifact is the same as Selenium's.
]]></system-err>
  </testcase>
  <testcase name="testFooterLogo" classname="automationTesting.AbbviePro.FooterTest" time="2.429"/>
  <testcase name="testDermatologieButton" classname="automationTesting.AbbviePro.FooterTest" time="5.288">
    <system-out><![CDATA[https://www.abbviepro.com/de/de/therapiegebiete/immunologie/dermatologie.html - Dermatologie | AbbVie Pro Deutschland
]]></system-out>
  </testcase>
  <testcase name="testGastroenterologieButton" classname="automationTesting.AbbviePro.FooterTest" time="3.005">
    <system-out><![CDATA[https://www.abbviepro.com/de/de/therapiegebiete/immunologie/gastroenterologie.html - Gastroenterologie | AbbVie Pro Deutschland
]]></system-out>
  </testcase>
  <testcase name="testRheumatologieButton" classname="automationTesting.AbbviePro.FooterTest" time="4.71">
    <system-out><![CDATA[https://www.abbviepro.com/de/de/therapiegebiete/immunologie/rheumatologie.html - Rheumatologie | AbbVie Pro Deutschland
]]></system-out>
  </testcase>
  <testcase name="testOnkologieButton" classname="automationTesting.AbbviePro.FooterTest" time="6.407">
    <system-out><![CDATA[https://www.abbviepro.com/de/de/therapiegebiete/onkologie.html - Onkologie | AbbVie Pro Deutschland
]]></system-out>
  </testcase>
  <testcase name="testNeurologieButton" classname="automationTesting.AbbviePro.FooterTest" time="5.306">
    <system-out><![CDATA[https://www.abbviepro.com/de/de/therapiegebiete/neurologie/parkinson-krankheit.html - Parkinson-Krankheit | AbbVie Pro Deutschland
]]></system-out>
  </testcase>
  <testcase name="testHCVButton" classname="automationTesting.AbbviePro.FooterTest" time="2.809">
    <system-out><![CDATA[https://www.abbviepro.com/de/de/therapiegebiete/virologie/hepatitis-c.html - Hepatitis C (HCV) | AbbVie Pro Deutschland
]]></system-out>
  </testcase>
  <testcase name="testOphthalmologieButton" classname="automationTesting.AbbviePro.FooterTest" time="3.312">
    <system-out><![CDATA[https://www.abbviepro.com/de/de/therapiegebiete/augenheilkunde/ophthalmologie.html - Ophthalmologie | AbbVie Pro Deutschland
]]></system-out>
  </testcase>
  <testcase name="testUrologieButton" classname="automationTesting.AbbviePro.FooterTest" time="2.675">
    <system-out><![CDATA[https://www.abbviepro.com/de/de/therapiegebiete/urologie.html - Urologie | AbbVie Pro Deutschland
]]></system-out>
  </testcase>
  <testcase name="testImprintButton" classname="automationTesting.AbbviePro.FooterTest" time="5.465">
    <system-out><![CDATA[New window closed.
Switched back to original window.
]]></system-out>
  </testcase>
  <testcase name="testPrivacyPolicyButton" classname="automationTesting.AbbviePro.FooterTest" time="5.745"/>
  <testcase name="testTermsOfUseButton" classname="automationTesting.AbbviePro.FooterTest" time="2.653"/>
  <testcase name="testContactInformationButton" classname="automationTesting.AbbviePro.FooterTest" time="8.653"/>
  <testcase name="testSitemapButton" classname="automationTesting.AbbviePro.FooterTest" time="3.913"/>
  <testcase name="testCardLoadMoreButton" classname="automationTesting.AbbviePro.DermatologieTest" time="10.143">
    <system-out><![CDATA[Report created: reports/Report_06_August_10.45_PM.html
Report display name: Report 06 August 10.45 PM
]]></system-out>
    <system-err><![CDATA[Aug 06, 2025 10:45:32 PM org.openqa.selenium.devtools.CdpVersionFinder findNearestMatch
WARNING: Unable to find CDP implementation matching 138
Aug 06, 2025 10:45:32 PM org.openqa.selenium.chromium.ChromiumDriver lambda$new$5
WARNING: Unable to find version of CDP to use for 138.0.7204.184. You may need to include a dependency on a specific version of the CDP using something similar to `org.seleniumhq.selenium:selenium-devtools-v86:4.15.0` where the version ("v86") matches the version of the chromium-based browser you're using and the version number of the artifact is the same as Selenium's.
]]></system-err>
  </testcase>
  <testcase name="testDermatologieButtonNavigation" classname="automationTesting.AbbviePro.DermatologieTest" time="10.164"/>
  <testcase name="testEighthCardReadMoreButton" classname="automationTesting.AbbviePro.DermatologieTest" time="10.088"/>
  <testcase name="testFifthCardReadMoreButton" classname="automationTesting.AbbviePro.DermatologieTest" time="10.143"/>
  <testcase name="testFirstCardReadMoreButton" classname="automationTesting.AbbviePro.DermatologieTest" time="10.132"/>
  <testcase name="testFourthCardReadMoreButton" classname="automationTesting.AbbviePro.DermatologieTest" time="10.167"/>
  <testcase name="testLearnMoreButton" classname="automationTesting.AbbviePro.DermatologieTest" time="10.169"/>
  <testcase name="testNavigation" classname="automationTesting.AbbviePro.DermatologieTest" time="8.373"/>
  <testcase name="testNinethCardReadMoreButton" classname="automationTesting.AbbviePro.DermatologieTest" time="10.297"/>
  <testcase name="testPageScrolling" classname="automationTesting.AbbviePro.DermatologieTest" time="8.619">
    <system-out><![CDATA[Starting slow scroll to bottom...
]]></system-out>
  </testcase>
  <testcase name="testScrollToPageTop" classname="automationTesting.AbbviePro.DermatologieTest" time="0.25">
    <system-out><![CDATA[Page scrolled to the top.
]]></system-out>
  </testcase>
  <testcase name="testSecondCardReadMoreButton" classname="automationTesting.AbbviePro.DermatologieTest" time="10.358"/>
  <testcase name="testSeventhCardReadMoreButton" classname="automationTesting.AbbviePro.DermatologieTest" time="10.262"/>
  <testcase name="testSixthCardReadMoreButton" classname="automationTesting.AbbviePro.DermatologieTest" time="10.291"/>
  <testcase name="testStreamNowButton" classname="automationTesting.AbbviePro.DermatologieTest" time="3.445">
    <system-out><![CDATA[https://www.abbviepro.com/de/de/produkte.html - Produkte | AbbVie Pro Deutschland
]]></system-out>
  </testcase>
  <testcase name="testThirdCardReadMoreButton" classname="automationTesting.AbbviePro.DermatologieTest" time="10.279"/>
  <testcase name="testNavigation" classname="automationTesting.AbbviePro.HeaderTest" time="7.762">
    <system-out><![CDATA[Report created: reports/Report_06_August_10.47_PM.html
Report display name: Report 06 August 10.47 PM
]]></system-out>
    <system-err><![CDATA[Aug 06, 2025 10:48:00 PM org.openqa.selenium.devtools.CdpVersionFinder findNearestMatch
WARNING: Unable to find CDP implementation matching 138
Aug 06, 2025 10:48:00 PM org.openqa.selenium.chromium.ChromiumDriver lambda$new$5
WARNING: Unable to find version of CDP to use for 138.0.7204.184. You may need to include a dependency on a specific version of the CDP using something similar to `org.seleniumhq.selenium:selenium-devtools-v86:4.15.0` where the version ("v86") matches the version of the chromium-based browser you're using and the version number of the artifact is the same as Selenium's.
]]></system-err>
  </testcase>
  <testcase name="testHeaderLogo" classname="automationTesting.AbbviePro.HeaderTest" time="2.385"/>
  <testcase name="testRegister_WithEmail" classname="automationTesting.AbbviePro.HeaderTest" time="8.45"/>
  <testcase name="testRegister_FillDetails" classname="automationTesting.AbbviePro.HeaderTest" time="5.121"/>
  <testcase name="testHomePageButton" classname="automationTesting.AbbviePro.HeaderTest" time="1.755"/>
  <testcase name="testProductPageButton" classname="automationTesting.AbbviePro.HeaderTest" time="2.698"/>
  <testcase name="testProductChevronIcon" classname="automationTesting.AbbviePro.HeaderTest" time="0.428"/>
  <testcase name="testProductOverviewButton" classname="automationTesting.AbbviePro.HeaderTest" time="3.886"/>
  <testcase name="testProductAndUserInformationButton" classname="automationTesting.AbbviePro.HeaderTest" time="3.612"/>
  <testcase name="testTrainingMaterialButton" classname="automationTesting.AbbviePro.HeaderTest" time="3.938"/>
  <testcase name="testTherapiegebieteButton" classname="automationTesting.AbbviePro.HeaderTest" time="3.468"/>
  <testcase name="testtherapiegebieteChevronIcon" classname="automationTesting.AbbviePro.HeaderTest" time="0.283"/>
  <testcase name="testImmunologieButton" classname="automationTesting.AbbviePro.HeaderTest" time="14.435">
    <failure message="Test Immunologie Button failed due to navigation issue." type="java.lang.RuntimeException"><![CDATA[java.lang.RuntimeException: Test Immunologie Button failed due to navigation issue.
	at automationTesting.AbbviePro.HeaderTest.testImmunologieButton(HeaderTest.java:259)
	at java.base/jdk.internal.reflect.NativeMethodAccessorImpl.invoke0(Native Method)
	at java.base/jdk.internal.reflect.NativeMethodAccessorImpl.invoke(NativeMethodAccessorImpl.java:77)
	at java.base/jdk.internal.reflect.DelegatingMethodAccessorImpl.invoke(DelegatingMethodAccessorImpl.java:43)
	at java.base/java.lang.reflect.Method.invoke(Method.java:569)
	at org.testng.internal.invokers.MethodInvocationHelper.invokeMethod(MethodInvocationHelper.java:141)
	at org.testng.internal.invokers.TestInvoker.invokeMethod(TestInvoker.java:687)
	at org.testng.internal.invokers.TestInvoker.invokeTestMethod(TestInvoker.java:230)
	at org.testng.internal.invokers.MethodRunner.runInSequence(MethodRunner.java:63)
	at org.testng.internal.invokers.TestInvoker$MethodInvocationAgent.invoke(TestInvoker.java:995)
	at org.testng.internal.invokers.TestInvoker.invokeTestMethods(TestInvoker.java:203)
	at org.testng.internal.invokers.TestMethodWorker.invokeTestMethods(TestMethodWorker.java:154)
	at org.testng.internal.invokers.TestMethodWorker.run(TestMethodWorker.java:134)
	at java.base/java.util.ArrayList.forEach(ArrayList.java:1511)
	at org.testng.TestRunner.privateRun(TestRunner.java:741)
	at org.testng.TestRunner.run(TestRunner.java:616)
	at org.testng.SuiteRunner.runTest(SuiteRunner.java:421)
	at org.testng.SuiteRunner.runSequentially(SuiteRunner.java:413)
	at org.testng.SuiteRunner.privateRun(SuiteRunner.java:373)
	at org.testng.SuiteRunner.run(SuiteRunner.java:312)
	at org.testng.SuiteRunnerWorker.runSuite(SuiteRunnerWorker.java:52)
	at org.testng.SuiteRunnerWorker.run(SuiteRunnerWorker.java:95)
	at org.testng.TestNG.runSuitesSequentially(TestNG.java:1274)
	at org.testng.TestNG.runSuitesLocally(TestNG.java:1208)
	at org.testng.TestNG.runSuites(TestNG.java:1112)
	at org.testng.TestNG.run(TestNG.java:1079)
	at org.apache.maven.surefire.testng.TestNGExecutor.run(TestNGExecutor.java:155)
	at org.apache.maven.surefire.testng.TestNGDirectoryTestSuite.executeMulti(TestNGDirectoryTestSuite.java:169)
	at org.apache.maven.surefire.testng.TestNGDirectoryTestSuite.execute(TestNGDirectoryTestSuite.java:88)
	at org.apache.maven.surefire.testng.TestNGProvider.invoke(TestNGProvider.java:137)
	at org.apache.maven.surefire.booter.ForkedBooter.runSuitesInProcess(ForkedBooter.java:385)
	at org.apache.maven.surefire.booter.ForkedBooter.execute(ForkedBooter.java:162)
	at org.apache.maven.surefire.booter.ForkedBooter.run(ForkedBooter.java:507)
	at org.apache.maven.surefire.booter.ForkedBooter.main(ForkedBooter.java:495)
Caused by: org.openqa.selenium.ElementNotInteractableException: element not interactable
  (Session info: chrome=138.0.7204.184)
Build info: version: '4.15.0', revision: '1d14b5521b'
System info: os.name: 'Mac OS X', os.arch: 'aarch64', os.version: '15.5', java.version: '17.0.16'
Driver info: org.openqa.selenium.chrome.ChromeDriver
Command: [59303137dcbb81fb27d53ca14c29934e, clickElement {id=f.4A5CA197727CDEDA5EDAA8787168AEF9.d.D3935E89736D28CC17A432ADE1BCDC35.e.315}]
Capabilities {acceptInsecureCerts: false, browserName: chrome, browserVersion: 138.0.7204.184, chrome: {chromedriverVersion: 138.0.7204.183 (e90faf484dd..., userDataDir: /var/folders/yq/_yp1rq0n6mj...}, fedcm:accounts: true, goog:chromeOptions: {debuggerAddress: localhost:62021}, networkConnectionEnabled: false, pageLoadStrategy: normal, platformName: mac, proxy: Proxy(), se:cdp: ws://localhost:62021/devtoo..., se:cdpVersion: 138.0.7204.184, setWindowRect: true, strictFileInteractability: false, timeouts: {implicit: 0, pageLoad: 300000, script: 30000}, unhandledPromptBehavior: dismiss and notify, webauthn:extension:credBlob: true, webauthn:extension:largeBlob: true, webauthn:extension:minPinLength: true, webauthn:extension:prf: true, webauthn:virtualAuthenticators: true}
Element: [[ChromeDriver: chrome on mac (59303137dcbb81fb27d53ca14c29934e)] -> xpath: (//div[@class='main-navigation__inner']//a)[39]]
Session ID: 59303137dcbb81fb27d53ca14c29934e
	at java.base/jdk.internal.reflect.NativeConstructorAccessorImpl.newInstance0(Native Method)
	at java.base/jdk.internal.reflect.NativeConstructorAccessorImpl.newInstance(NativeConstructorAccessorImpl.java:77)
	at java.base/jdk.internal.reflect.DelegatingConstructorAccessorImpl.newInstance(DelegatingConstructorAccessorImpl.java:45)
	at java.base/java.lang.reflect.Constructor.newInstanceWithCaller(Constructor.java:500)
	at java.base/java.lang.reflect.Constructor.newInstance(Constructor.java:481)
	at org.openqa.selenium.remote.codec.w3c.W3CHttpResponseCodec.createException(W3CHttpResponseCodec.java:200)
	at org.openqa.selenium.remote.codec.w3c.W3CHttpResponseCodec.decode(W3CHttpResponseCodec.java:133)
	at org.openqa.selenium.remote.codec.w3c.W3CHttpResponseCodec.decode(W3CHttpResponseCodec.java:52)
	at org.openqa.selenium.remote.HttpCommandExecutor.execute(HttpCommandExecutor.java:191)
	at org.openqa.selenium.remote.service.DriverCommandExecutor.invokeExecute(DriverCommandExecutor.java:200)
	at org.openqa.selenium.remote.service.DriverCommandExecutor.execute(DriverCommandExecutor.java:175)
	at org.openqa.selenium.remote.RemoteWebDriver.execute(RemoteWebDriver.java:607)
	at org.openqa.selenium.remote.RemoteWebElement.execute(RemoteWebElement.java:224)
	at org.openqa.selenium.remote.RemoteWebElement.click(RemoteWebElement.java:77)
	at jdk.internal.reflect.GeneratedMethodAccessor15.invoke(Unknown Source)
	at java.base/jdk.internal.reflect.DelegatingMethodAccessorImpl.invoke(DelegatingMethodAccessorImpl.java:43)
	at java.base/java.lang.reflect.Method.invoke(Method.java:569)
	at org.openqa.selenium.support.pagefactory.internal.LocatingElementHandler.invoke(LocatingElementHandler.java:51)
	at jdk.proxy2/jdk.proxy2.$Proxy11.click(Unknown Source)
	at automationTesting.AbbviePro.Header.clickOnImmunologieButton(Header.java:227)
	at automationTesting.AbbviePro.HeaderTest.testImmunologieButton(HeaderTest.java:246)
	... 33 more
]]></failure>
  </testcase>
  <testcase name="testDermatologieButton" classname="automationTesting.AbbviePro.HeaderTest" time="5.65"/>
  <testcase name="testGastroenterologieButton" classname="automationTesting.AbbviePro.HeaderTest" time="2.808"/>
  <testcase name="testRheumatologieButton" classname="automationTesting.AbbviePro.HeaderTest" time="4.85"/>
  <testcase name="testOnkologieButton" classname="automationTesting.AbbviePro.HeaderTest" time="6.628"/>
  <testcase name="testHematooncologyButton" classname="automationTesting.AbbviePro.HeaderTest" time="5.94"/>
  <testcase name="testSolidTumorsButton" classname="automationTesting.AbbviePro.HeaderTest" time="5.644"/>
  <testcase name="testNeurologyButton" classname="automationTesting.AbbviePro.HeaderTest" time="5.016"/>
  <testcase name="testMigraineButton" classname="automationTesting.AbbviePro.HeaderTest" time="3.17"/>
  <testcase name="testParkinsonsDiseaseButton" classname="automationTesting.AbbviePro.HeaderTest" time="5.412"/>
  <testcase name="testSpasticityAfterStrokeButton" classname="automationTesting.AbbviePro.HeaderTest" time="3.646"/>
  <testcase name="testVirologyButton" classname="automationTesting.AbbviePro.HeaderTest" time="4.132">
    <failure message="Failed to navigate to Virologie page expected [true] but found [false]" type="java.lang.AssertionError"><![CDATA[java.lang.AssertionError: Failed to navigate to Virologie page expected [true] but found [false]
	at org.testng.Assert.fail(Assert.java:111)
	at org.testng.Assert.failNotEquals(Assert.java:1590)
	at org.testng.Assert.assertTrue(Assert.java:57)
	at automationTesting.AbbviePro.Header.clickOnVirologyButton(Header.java:340)
	at automationTesting.AbbviePro.HeaderTest.testVirologyButton(HeaderTest.java:480)
	at java.base/jdk.internal.reflect.NativeMethodAccessorImpl.invoke0(Native Method)
	at java.base/jdk.internal.reflect.NativeMethodAccessorImpl.invoke(NativeMethodAccessorImpl.java:77)
	at java.base/jdk.internal.reflect.DelegatingMethodAccessorImpl.invoke(DelegatingMethodAccessorImpl.java:43)
	at java.base/java.lang.reflect.Method.invoke(Method.java:569)
	at org.testng.internal.invokers.MethodInvocationHelper.invokeMethod(MethodInvocationHelper.java:141)
	at org.testng.internal.invokers.TestInvoker.invokeMethod(TestInvoker.java:687)
	at org.testng.internal.invokers.TestInvoker.invokeTestMethod(TestInvoker.java:230)
	at org.testng.internal.invokers.MethodRunner.runInSequence(MethodRunner.java:63)
	at org.testng.internal.invokers.TestInvoker$MethodInvocationAgent.invoke(TestInvoker.java:995)
	at org.testng.internal.invokers.TestInvoker.invokeTestMethods(TestInvoker.java:203)
	at org.testng.internal.invokers.TestMethodWorker.invokeTestMethods(TestMethodWorker.java:154)
	at org.testng.internal.invokers.TestMethodWorker.run(TestMethodWorker.java:134)
	at java.base/java.util.ArrayList.forEach(ArrayList.java:1511)
	at org.testng.TestRunner.privateRun(TestRunner.java:741)
	at org.testng.TestRunner.run(TestRunner.java:616)
	at org.testng.SuiteRunner.runTest(SuiteRunner.java:421)
	at org.testng.SuiteRunner.runSequentially(SuiteRunner.java:413)
	at org.testng.SuiteRunner.privateRun(SuiteRunner.java:373)
	at org.testng.SuiteRunner.run(SuiteRunner.java:312)
	at org.testng.SuiteRunnerWorker.runSuite(SuiteRunnerWorker.java:52)
	at org.testng.SuiteRunnerWorker.run(SuiteRunnerWorker.java:95)
	at org.testng.TestNG.runSuitesSequentially(TestNG.java:1274)
	at org.testng.TestNG.runSuitesLocally(TestNG.java:1208)
	at org.testng.TestNG.runSuites(TestNG.java:1112)
	at org.testng.TestNG.run(TestNG.java:1079)
	at org.apache.maven.surefire.testng.TestNGExecutor.run(TestNGExecutor.java:155)
	at org.apache.maven.surefire.testng.TestNGDirectoryTestSuite.executeMulti(TestNGDirectoryTestSuite.java:169)
	at org.apache.maven.surefire.testng.TestNGDirectoryTestSuite.execute(TestNGDirectoryTestSuite.java:88)
	at org.apache.maven.surefire.testng.TestNGProvider.invoke(TestNGProvider.java:137)
	at org.apache.maven.surefire.booter.ForkedBooter.runSuitesInProcess(ForkedBooter.java:385)
	at org.apache.maven.surefire.booter.ForkedBooter.execute(ForkedBooter.java:162)
	at org.apache.maven.surefire.booter.ForkedBooter.run(ForkedBooter.java:507)
	at org.apache.maven.surefire.booter.ForkedBooter.main(ForkedBooter.java:495)
]]></failure>
  </testcase>
  <testcase name="testHepatitisCHCVButton" classname="automationTesting.AbbviePro.HeaderTest" time="10.355"/>
  <testcase name="testOphthalmologyParentButton" classname="automationTesting.AbbviePro.HeaderTest" time="4.215">
    <failure message="Failed to navigate to Augenheilkunde page expected [true] but found [false]" type="java.lang.AssertionError"><![CDATA[java.lang.AssertionError: Failed to navigate to Augenheilkunde page expected [true] but found [false]
	at org.testng.Assert.fail(Assert.java:111)
	at org.testng.Assert.failNotEquals(Assert.java:1590)
	at org.testng.Assert.assertTrue(Assert.java:57)
	at automationTesting.AbbviePro.Header.clickOnOphthalmologyParentButton(Header.java:359)
	at automationTesting.AbbviePro.HeaderTest.testOphthalmologyParentButton(HeaderTest.java:524)
	at java.base/jdk.internal.reflect.NativeMethodAccessorImpl.invoke0(Native Method)
	at java.base/jdk.internal.reflect.NativeMethodAccessorImpl.invoke(NativeMethodAccessorImpl.java:77)
	at java.base/jdk.internal.reflect.DelegatingMethodAccessorImpl.invoke(DelegatingMethodAccessorImpl.java:43)
	at java.base/java.lang.reflect.Method.invoke(Method.java:569)
	at org.testng.internal.invokers.MethodInvocationHelper.invokeMethod(MethodInvocationHelper.java:141)
	at org.testng.internal.invokers.TestInvoker.invokeMethod(TestInvoker.java:687)
	at org.testng.internal.invokers.TestInvoker.invokeTestMethod(TestInvoker.java:230)
	at org.testng.internal.invokers.MethodRunner.runInSequence(MethodRunner.java:63)
	at org.testng.internal.invokers.TestInvoker$MethodInvocationAgent.invoke(TestInvoker.java:995)
	at org.testng.internal.invokers.TestInvoker.invokeTestMethods(TestInvoker.java:203)
	at org.testng.internal.invokers.TestMethodWorker.invokeTestMethods(TestMethodWorker.java:154)
	at org.testng.internal.invokers.TestMethodWorker.run(TestMethodWorker.java:134)
	at java.base/java.util.ArrayList.forEach(ArrayList.java:1511)
	at org.testng.TestRunner.privateRun(TestRunner.java:741)
	at org.testng.TestRunner.run(TestRunner.java:616)
	at org.testng.SuiteRunner.runTest(SuiteRunner.java:421)
	at org.testng.SuiteRunner.runSequentially(SuiteRunner.java:413)
	at org.testng.SuiteRunner.privateRun(SuiteRunner.java:373)
	at org.testng.SuiteRunner.run(SuiteRunner.java:312)
	at org.testng.SuiteRunnerWorker.runSuite(SuiteRunnerWorker.java:52)
	at org.testng.SuiteRunnerWorker.run(SuiteRunnerWorker.java:95)
	at org.testng.TestNG.runSuitesSequentially(TestNG.java:1274)
	at org.testng.TestNG.runSuitesLocally(TestNG.java:1208)
	at org.testng.TestNG.runSuites(TestNG.java:1112)
	at org.testng.TestNG.run(TestNG.java:1079)
	at org.apache.maven.surefire.testng.TestNGExecutor.run(TestNGExecutor.java:155)
	at org.apache.maven.surefire.testng.TestNGDirectoryTestSuite.executeMulti(TestNGDirectoryTestSuite.java:169)
	at org.apache.maven.surefire.testng.TestNGDirectoryTestSuite.execute(TestNGDirectoryTestSuite.java:88)
	at org.apache.maven.surefire.testng.TestNGProvider.invoke(TestNGProvider.java:137)
	at org.apache.maven.surefire.booter.ForkedBooter.runSuitesInProcess(ForkedBooter.java:385)
	at org.apache.maven.surefire.booter.ForkedBooter.execute(ForkedBooter.java:162)
	at org.apache.maven.surefire.booter.ForkedBooter.run(ForkedBooter.java:507)
	at org.apache.maven.surefire.booter.ForkedBooter.main(ForkedBooter.java:495)
]]></failure>
  </testcase>
  <testcase name="testOphthalmologyChildButton" classname="automationTesting.AbbviePro.HeaderTest" time="10.427"/>
  <testcase name="testUrologyButton" classname="automationTesting.AbbviePro.HeaderTest" time="1.914"/>
  <testcase name="testIdiopathicOveractiveBladderButton" classname="automationTesting.AbbviePro.HeaderTest" time="2.039"/>
  <testcase name="testNeurogenicDetrusorOveractivityButton" classname="automationTesting.AbbviePro.HeaderTest" time="3.488"/>
  <testcase name="testRegisterNowButton" classname="automationTesting.AbbviePro.HeaderTest" time="10.401"/>
  <testcase name="testEventsAndTrainingButton" classname="automationTesting.AbbviePro.HeaderTest" time="3.933"/>
  <testcase name="testEventsAndTrainingChevronIcon" classname="automationTesting.AbbviePro.HeaderTest" time="0.292"/>
  <testcase name="testMedicalScientificEventsButton" classname="automationTesting.AbbviePro.HeaderTest" time="10.358"/>
  <testcase name="testProductRelatedEventsButton" classname="automationTesting.AbbviePro.HeaderTest" time="4.555"/>
  <testcase name="testEventsAndTrainingRegisterNowButton" classname="automationTesting.AbbviePro.HeaderTest" time="1.775"/>
  <testcase name="testServiceAndContactButton" classname="automationTesting.AbbviePro.HeaderTest" time="2.506"/>
</testsuite>