<?xml version="1.0" encoding="UTF-8"?>
<!-- Generated by org.testng.reporters.JUnitXMLReporter -->
<testsuite ignored="0" hostname="IN-GPG9L6L27P-CTS" failures="0" tests="25" name="Gastroenterologie Page" time="119.7" errors="0" timestamp="2025-08-07T16:35:59 IST">
  <testcase classname="automationTesting.AbbviePro.GastroenterologieTest" name="testNavigation" time="6.991"/>
  <testcase classname="automationTesting.AbbviePro.GastroenterologieTest" name="testGastroenterologieButton" time="2.281"/>
  <testcase classname="automationTesting.AbbviePro.GastroenterologieTest" name="testCardLoadMoreButton" time="4.136"/>
  <testcase classname="automationTesting.AbbviePro.GastroenterologieTest" name="testFirstCardReadMoreButton" time="3.987"/>
  <testcase classname="automationTesting.AbbviePro.GastroenterologieTest" name="testSecondCardReadMoreButton" time="4.71"/>
  <testcase classname="automationTesting.AbbviePro.GastroenterologieTest" name="testThirdCardReadMoreButton" time="4.062"/>
  <testcase classname="automationTesting.AbbviePro.GastroenterologieTest" name="testFourthCardReadMoreButton" time="2.492"/>
  <testcase classname="automationTesting.AbbviePro.GastroenterologieTest" name="testFifthCardReadMoreButton" time="2.241"/>
  <testcase classname="automationTesting.AbbviePro.GastroenterologieTest" name="testSixthCardReadMoreButton" time="2.367"/>
  <testcase classname="automationTesting.AbbviePro.GastroenterologieTest" name="testSeventhCardReadMoreButton" time="3.621"/>
  <testcase classname="automationTesting.AbbviePro.GastroenterologieTest" name="testEighthCardReadMoreButton" time="3.155"/>
  <testcase classname="automationTesting.AbbviePro.GastroenterologieTest" name="testNinethCardReadMoreButton" time="3.115"/>
  <testcase classname="automationTesting.AbbviePro.GastroenterologieTest" name="testTenthCardReadMoreButton" time="3.458"/>
  <testcase classname="automationTesting.AbbviePro.GastroenterologieTest" name="testEleventhCardReadMoreButton" time="3.355"/>
  <testcase classname="automationTesting.AbbviePro.GastroenterologieTest" name="testTwelvethCardReadMoreButton" time="3.772"/>
  <testcase classname="automationTesting.AbbviePro.GastroenterologieTest" name="testThirteenthCardReadMoreButton" time="2.419"/>
  <testcase classname="automationTesting.AbbviePro.GastroenterologieTest" name="testFourteenthCardReadMoreButton" time="3.031"/>
  <testcase classname="automationTesting.AbbviePro.GastroenterologieTest" name="testCongressHighlightButton" time="2.095"/>
  <testcase classname="automationTesting.AbbviePro.GastroenterologieTest" name="testTakeALookNowButton" time="2.124"/>
  <testcase classname="automationTesting.AbbviePro.GastroenterologieTest" name="testExclusivelyLearnMoreButton" time="2.199"/>
  <testcase classname="automationTesting.AbbviePro.GastroenterologieTest" name="testContactUsButton" time="2.32"/>
  <testcase classname="automationTesting.AbbviePro.GastroenterologieTest" name="testAbbvieCareButton" time="4.14"/>
  <testcase classname="automationTesting.AbbviePro.GastroenterologieTest" name="testLivingWith_IBD_LearnMoreButton" time="4.496"/>
  <testcase classname="automationTesting.AbbviePro.GastroenterologieTest" name="testScrollToPageTop" time="0.363"/>
  <testcase classname="automationTesting.AbbviePro.GastroenterologieTest" name="testPageScrolling" time="38.239"/>
</testsuite> <!-- Gastroenterologie Page -->
