<?xml version="1.0" encoding="UTF-8"?>
<testng-results ignored="0" total="15" passed="15" failed="0" skipped="0">
  <reporter-output>
  </reporter-output>
  <suite started-at="2025-08-03T00:26:40 IST" name="AbbviePro Test Suite" finished-at="2025-08-03T00:27:53 IST" duration-ms="73071">
    <groups>
    </groups>
    <test started-at="2025-08-03T00:26:40 IST" name="Footer Tests" finished-at="2025-08-03T00:27:53 IST" duration-ms="73071">
      <class name="automationTesting.AbbviePro.FooterTest">
        <test-method is-config="true" signature="commonSetUp()[pri:0, instance:automationTesting.AbbviePro.FooterTest@22d7b4f8]" started-at="2025-08-03T00:26:40 IST" name="commonSetUp" finished-at="2025-08-03T00:26:41 IST" duration-ms="1513" status="PASS">
          <reporter-output>
          </reporter-output>
        </test-method> <!-- commonSetUp -->
        <test-method signature="testNavigation()[pri:0, instance:automationTesting.AbbviePro.FooterTest@22d7b4f8]" started-at="2025-08-03T00:26:41 IST" name="testNavigation" finished-at="2025-08-03T00:26:50 IST" duration-ms="8055" status="PASS">
          <reporter-output>
          </reporter-output>
        </test-method> <!-- testNavigation -->
        <test-method signature="testFooterLogo()[pri:0, instance:automationTesting.AbbviePro.FooterTest@22d7b4f8]" started-at="2025-08-03T00:26:50 IST" name="testFooterLogo" finished-at="2025-08-03T00:26:53 IST" duration-ms="3034" status="PASS">
          <reporter-output>
          </reporter-output>
        </test-method> <!-- testFooterLogo -->
        <test-method signature="testDermatologieButton()[pri:0, instance:automationTesting.AbbviePro.FooterTest@22d7b4f8]" started-at="2025-08-03T00:26:53 IST" name="testDermatologieButton" finished-at="2025-08-03T00:26:59 IST" duration-ms="6789" status="PASS">
          <reporter-output>
          </reporter-output>
        </test-method> <!-- testDermatologieButton -->
        <test-method signature="testGastroenterologieButton()[pri:0, instance:automationTesting.AbbviePro.FooterTest@22d7b4f8]" started-at="2025-08-03T00:26:59 IST" name="testGastroenterologieButton" finished-at="2025-08-03T00:27:04 IST" duration-ms="4151" status="PASS">
          <reporter-output>
          </reporter-output>
        </test-method> <!-- testGastroenterologieButton -->
        <test-method signature="testRheumatologieButton()[pri:0, instance:automationTesting.AbbviePro.FooterTest@22d7b4f8]" started-at="2025-08-03T00:27:04 IST" name="testRheumatologieButton" finished-at="2025-08-03T00:27:08 IST" duration-ms="4884" status="PASS">
          <reporter-output>
          </reporter-output>
        </test-method> <!-- testRheumatologieButton -->
        <test-method signature="testOnkologieButton()[pri:0, instance:automationTesting.AbbviePro.FooterTest@22d7b4f8]" started-at="2025-08-03T00:27:08 IST" name="testOnkologieButton" finished-at="2025-08-03T00:27:15 IST" duration-ms="6137" status="PASS">
          <reporter-output>
          </reporter-output>
        </test-method> <!-- testOnkologieButton -->
        <test-method signature="testNeurologieButton()[pri:0, instance:automationTesting.AbbviePro.FooterTest@22d7b4f8]" started-at="2025-08-03T00:27:15 IST" name="testNeurologieButton" finished-at="2025-08-03T00:27:20 IST" duration-ms="5456" status="PASS">
          <reporter-output>
          </reporter-output>
        </test-method> <!-- testNeurologieButton -->
        <test-method signature="testHCVButton()[pri:0, instance:automationTesting.AbbviePro.FooterTest@22d7b4f8]" started-at="2025-08-03T00:27:20 IST" name="testHCVButton" finished-at="2025-08-03T00:27:23 IST" duration-ms="3121" status="PASS">
          <reporter-output>
          </reporter-output>
        </test-method> <!-- testHCVButton -->
        <test-method signature="testOphthalmologieButton()[pri:0, instance:automationTesting.AbbviePro.FooterTest@22d7b4f8]" started-at="2025-08-03T00:27:23 IST" name="testOphthalmologieButton" finished-at="2025-08-03T00:27:26 IST" duration-ms="3025" status="PASS">
          <reporter-output>
          </reporter-output>
        </test-method> <!-- testOphthalmologieButton -->
        <test-method signature="testUrologieButton()[pri:0, instance:automationTesting.AbbviePro.FooterTest@22d7b4f8]" started-at="2025-08-03T00:27:26 IST" name="testUrologieButton" finished-at="2025-08-03T00:27:28 IST" duration-ms="2212" status="PASS">
          <reporter-output>
          </reporter-output>
        </test-method> <!-- testUrologieButton -->
        <test-method signature="testImprintButton()[pri:0, instance:automationTesting.AbbviePro.FooterTest@22d7b4f8]" started-at="2025-08-03T00:27:28 IST" name="testImprintButton" finished-at="2025-08-03T00:27:33 IST" duration-ms="4814" status="PASS">
          <reporter-output>
          </reporter-output>
        </test-method> <!-- testImprintButton -->
        <test-method signature="testPrivacyPolicyButton()[pri:0, instance:automationTesting.AbbviePro.FooterTest@22d7b4f8]" started-at="2025-08-03T00:27:33 IST" name="testPrivacyPolicyButton" finished-at="2025-08-03T00:27:37 IST" duration-ms="3577" status="PASS">
          <reporter-output>
          </reporter-output>
        </test-method> <!-- testPrivacyPolicyButton -->
        <test-method signature="testTermsOfUseButton()[pri:0, instance:automationTesting.AbbviePro.FooterTest@22d7b4f8]" started-at="2025-08-03T00:27:37 IST" name="testTermsOfUseButton" finished-at="2025-08-03T00:27:39 IST" duration-ms="2120" status="PASS">
          <reporter-output>
          </reporter-output>
        </test-method> <!-- testTermsOfUseButton -->
        <test-method signature="testContactInformationButton()[pri:0, instance:automationTesting.AbbviePro.FooterTest@22d7b4f8]" started-at="2025-08-03T00:27:39 IST" name="testContactInformationButton" finished-at="2025-08-03T00:27:48 IST" duration-ms="9511" status="PASS">
          <reporter-output>
          </reporter-output>
        </test-method> <!-- testContactInformationButton -->
        <test-method signature="testSitemapButton()[pri:0, instance:automationTesting.AbbviePro.FooterTest@22d7b4f8]" started-at="2025-08-03T00:27:48 IST" name="testSitemapButton" finished-at="2025-08-03T00:27:50 IST" duration-ms="1293" status="PASS">
          <reporter-output>
          </reporter-output>
        </test-method> <!-- testSitemapButton -->
        <test-method is-config="true" signature="commonTearDown()[pri:0, instance:automationTesting.AbbviePro.FooterTest@22d7b4f8]" started-at="2025-08-03T00:27:50 IST" name="commonTearDown" finished-at="2025-08-03T00:27:53 IST" duration-ms="3323" status="PASS">
          <reporter-output>
          </reporter-output>
        </test-method> <!-- commonTearDown -->
      </class> <!-- automationTesting.AbbviePro.FooterTest -->
    </test> <!-- Footer Tests -->
  </suite> <!-- AbbviePro Test Suite -->
</testng-results>
