<?xml version="1.0" encoding="UTF-8"?>
<testng-results ignored="0" total="7" passed="7" failed="0" skipped="0">
  <reporter-output>
  </reporter-output>
  <suite started-at="2025-08-10T00:27:28 IST" name="AbbviePro Test Suite" finished-at="2025-08-10T00:28:06 IST" duration-ms="38767">
    <groups>
    </groups>
    <test started-at="2025-08-10T00:27:28 IST" name="Urology Tests" finished-at="2025-08-10T00:28:06 IST" duration-ms="38767">
      <class name="automationTesting.AbbviePro.UrologyTest">
        <test-method is-config="true" signature="commonSetUp()[pri:0, instance:automationTesting.AbbviePro.UrologyTest@55de24cc]" started-at="2025-08-10T00:27:28 IST" name="commonSetUp" finished-at="2025-08-10T00:27:29 IST" duration-ms="1483" status="PASS">
          <reporter-output>
          </reporter-output>
        </test-method> <!-- commonSetUp -->
        <test-method signature="testNavigation()[pri:0, instance:automationTesting.AbbviePro.UrologyTest@55de24cc]" started-at="2025-08-10T00:27:29 IST" name="testNavigation" finished-at="2025-08-10T00:27:41 IST" duration-ms="11695" status="PASS">
          <reporter-output>
          </reporter-output>
        </test-method> <!-- testNavigation -->
        <test-method signature="testUrologyButton()[pri:0, instance:automationTesting.AbbviePro.UrologyTest@55de24cc]" started-at="2025-08-10T00:27:41 IST" name="testUrologyButton" finished-at="2025-08-10T00:27:46 IST" duration-ms="5341" status="PASS">
          <reporter-output>
          </reporter-output>
        </test-method> <!-- testUrologyButton -->
        <test-method signature="testIdiopathicOveractiveBladderButton()[pri:0, instance:automationTesting.AbbviePro.UrologyTest@55de24cc]" started-at="2025-08-10T00:27:46 IST" name="testIdiopathicOveractiveBladderButton" finished-at="2025-08-10T00:27:49 IST" duration-ms="2736" status="PASS">
          <reporter-output>
          </reporter-output>
        </test-method> <!-- testIdiopathicOveractiveBladderButton -->
        <test-method signature="testNeurogenicDetrusorOveractivityButton()[pri:0, instance:automationTesting.AbbviePro.UrologyTest@55de24cc]" started-at="2025-08-10T00:27:49 IST" name="testNeurogenicDetrusorOveractivityButton" finished-at="2025-08-10T00:27:52 IST" duration-ms="3271" status="PASS">
          <reporter-output>
          </reporter-output>
        </test-method> <!-- testNeurogenicDetrusorOveractivityButton -->
        <test-method signature="testUrologyContactUsButton()[pri:0, instance:automationTesting.AbbviePro.UrologyTest@55de24cc]" started-at="2025-08-10T00:27:52 IST" name="testUrologyContactUsButton" finished-at="2025-08-10T00:27:55 IST" duration-ms="3181" status="PASS">
          <reporter-output>
          </reporter-output>
        </test-method> <!-- testUrologyContactUsButton -->
        <test-method signature="testScrollToPageTop()[pri:0, instance:automationTesting.AbbviePro.UrologyTest@55de24cc]" started-at="2025-08-10T00:27:55 IST" name="testScrollToPageTop" finished-at="2025-08-10T00:27:55 IST" duration-ms="250" status="PASS">
          <reporter-output>
          </reporter-output>
        </test-method> <!-- testScrollToPageTop -->
        <test-method signature="testPageScrolling()[pri:0, instance:automationTesting.AbbviePro.UrologyTest@55de24cc]" started-at="2025-08-10T00:27:55 IST" name="testPageScrolling" finished-at="2025-08-10T00:28:03 IST" duration-ms="7521" status="PASS">
          <reporter-output>
          </reporter-output>
        </test-method> <!-- testPageScrolling -->
        <test-method is-config="true" signature="commonTearDown()[pri:0, instance:automationTesting.AbbviePro.UrologyTest@55de24cc]" started-at="2025-08-10T00:28:03 IST" name="commonTearDown" finished-at="2025-08-10T00:28:06 IST" duration-ms="3273" status="PASS">
          <reporter-output>
          </reporter-output>
        </test-method> <!-- commonTearDown -->
      </class> <!-- automationTesting.AbbviePro.UrologyTest -->
    </test> <!-- Urology Tests -->
  </suite> <!-- AbbviePro Test Suite -->
</testng-results>
